2020-06-19T03:50:43.364348+00:00 app[web.1]: [2020-06-19 03:50:43 +0000] [10] [INFO] Booting worker with pid: 10
2020-06-19T03:50:43.440362+00:00 app[web.1]: [2020-06-19 03:50:43 +0000] [11] [INFO] Booting worker with pid: 11
2020-06-19T03:50:43.961732+00:00 heroku[web.1]: State changed from starting to up
2020-06-19T03:52:40.000000+00:00 app[api]: Build started by user erikseguinte@me.com
2020-06-19T03:54:18.432903+00:00 app[api]: Release v4 created by user erikseguinte@me.com
2020-06-19T03:54:18.432903+00:00 app[api]: Deploy 6e6a94f0 by user erikseguinte@me.com
2020-06-19T03:54:18.612078+00:00 heroku[web.1]: Restarting
2020-06-19T03:54:18.628642+00:00 heroku[web.1]: State changed from up to starting
2020-06-19T03:54:20.098009+00:00 heroku[web.1]: Stopping all processes with SIGTERM
2020-06-19T03:54:20.170696+00:00 app[web.1]: [2020-06-19 03:54:20 +0000] [10] [INFO] Worker exiting (pid: 10)
2020-06-19T03:54:20.172635+00:00 app[web.1]: [2020-06-19 03:54:20 +0000] [4] [INFO] Handling signal: term
2020-06-19T03:54:20.189552+00:00 app[web.1]: [2020-06-19 03:54:20 +0000] [11] [INFO] Worker exiting (pid: 11)
2020-06-19T03:54:20.499818+00:00 app[web.1]: [2020-06-19 03:54:20 +0000] [4] [INFO] Shutting down: Master
2020-06-19T03:54:20.741833+00:00 heroku[web.1]: Process exited with status 0
2020-06-19T03:54:23.545453+00:00 heroku[web.1]: Starting process with command `gunicorn -k uvicorn.workers.UvicornWorker`
2020-06-19T03:54:26.182969+00:00 app[web.1]: usage: gunicorn [OPTIONS] [APP_MODULE]
2020-06-19T03:54:26.183101+00:00 app[web.1]: gunicorn: error: No application module specified.
2020-06-19T03:54:26.233602+00:00 heroku[web.1]: Process exited with status 2
2020-06-19T03:54:26.276955+00:00 heroku[web.1]: State changed from starting to crashed
2020-06-19T03:54:26.279701+00:00 heroku[web.1]: State changed from crashed to starting
2020-06-19T03:54:29.000000+00:00 app[api]: Build succeeded
2020-06-19T03:54:30.822954+00:00 heroku[web.1]: Starting process with command `gunicorn -k uvicorn.workers.UvicornWorker`
2020-06-19T03:54:33.461097+00:00 app[web.1]: usage: gunicorn [OPTIONS] [APP_MODULE]
2020-06-19T03:54:33.461326+00:00 app[web.1]: gunicorn: error: No application module specified.
2020-06-19T03:54:33.525343+00:00 heroku[web.1]: Process exited with status 2
2020-06-19T03:54:33.577961+00:00 heroku[web.1]: State changed from starting to crashed
2020-06-19T03:54:42.227636+00:00 heroku[router]: at=error code=H10 desc="App crashed" method=GET path="/docs" host=post-it-here-data-api.herokuapp.com request_id=cf990e71-afc8-4368-a96a-5b42ded45893 fwd="73.235.213.252" dyno= connect= service= status=503 bytes= protocol=https
2020-06-19T03:55:45.000000+00:00 app[api]: Build started by user erikseguinte@me.com
2020-06-19T03:56:11.217441+00:00 app[api]: Release v5 created by user erikseguinte@me.com
2020-06-19T03:56:11.217441+00:00 app[api]: Deploy e192fc56 by user erikseguinte@me.com
2020-06-19T03:56:11.448679+00:00 heroku[web.1]: State changed from crashed to starting
2020-06-19T03:56:15.357679+00:00 heroku[web.1]: Starting process with command `gunicorn app: app -w 4 -k uvicorn.workers.UvicornWorker`
2020-06-19T03:56:17.653790+00:00 app[web.1]: [2020-06-19 03:56:17 +0000] [4] [INFO] Starting gunicorn 20.0.4
2020-06-19T03:56:17.654486+00:00 app[web.1]: [2020-06-19 03:56:17 +0000] [4] [INFO] Listening at: http://0.0.0.0:24656 (4)
2020-06-19T03:56:17.654614+00:00 app[web.1]: [2020-06-19 03:56:17 +0000] [4] [INFO] Using worker: uvicorn.workers.UvicornWorker
2020-06-19T03:56:17.659538+00:00 app[web.1]: [2020-06-19 03:56:17 +0000] [10] [INFO] Booting worker with pid: 10
2020-06-19T03:56:17.682306+00:00 app[web.1]: [2020-06-19 03:56:17 +0000] [11] [INFO] Booting worker with pid: 11
2020-06-19T03:56:17.760803+00:00 app[web.1]: [2020-06-19 03:56:17 +0000] [12] [INFO] Booting worker with pid: 12
2020-06-19T03:56:17.789544+00:00 app[web.1]: [2020-06-19 03:56:17 +0000] [13] [INFO] Booting worker with pid: 13
2020-06-19T03:56:17.967349+00:00 app[web.1]: Failed to parse '' as an attribute name or function call.
2020-06-19T03:56:17.967593+00:00 app[web.1]: [2020-06-19 03:56:17 +0000] [10] [INFO] Worker exiting (pid: 10)
2020-06-19T03:56:17.971246+00:00 app[web.1]: Failed to parse '' as an attribute name or function call.
2020-06-19T03:56:17.971487+00:00 app[web.1]: [2020-06-19 03:56:17 +0000] [12] [INFO] Worker exiting (pid: 12)
2020-06-19T03:56:17.981095+00:00 app[web.1]: Failed to parse '' as an attribute name or function call.
2020-06-19T03:56:17.984487+00:00 app[web.1]: [2020-06-19 03:56:17 +0000] [11] [INFO] Worker exiting (pid: 11)
2020-06-19T03:56:18.046315+00:00 app[web.1]: Failed to parse '' as an attribute name or function call.
2020-06-19T03:56:18.046642+00:00 app[web.1]: [2020-06-19 03:56:18 +0000] [13] [INFO] Worker exiting (pid: 13)
2020-06-19T03:56:18.105433+00:00 app[web.1]: Traceback (most recent call last):
2020-06-19T03:56:18.105442+00:00 app[web.1]: File "/app/.heroku/python/lib/python3.7/site-packages/gunicorn/arbiter.py", line 209, in run
2020-06-19T03:56:18.105718+00:00 app[web.1]: self.sleep()
2020-06-19T03:56:18.105731+00:00 app[web.1]: File "/app/.heroku/python/lib/python3.7/site-packages/gunicorn/arbiter.py", line 357, in sleep
2020-06-19T03:56:18.105928+00:00 app[web.1]: ready = select.select([self.PIPE[0]], [], [], 1.0)
2020-06-19T03:56:18.105932+00:00 app[web.1]: File "/app/.heroku/python/lib/python3.7/site-packages/gunicorn/arbiter.py", line 242, in handle_chld
2020-06-19T03:56:18.106082+00:00 app[web.1]: self.reap_workers()
2020-06-19T03:56:18.106087+00:00 app[web.1]: File "/app/.heroku/python/lib/python3.7/site-packages/gunicorn/arbiter.py", line 528, in reap_workers
2020-06-19T03:56:18.106319+00:00 app[web.1]: raise HaltServer(reason, self.APP_LOAD_ERROR)
2020-06-19T03:56:18.106357+00:00 app[web.1]: gunicorn.errors.HaltServer: <HaltServer 'App failed to load.' 4>
2020-06-19T03:56:18.106358+00:00 app[web.1]: 
2020-06-19T03:56:18.106359+00:00 app[web.1]: During handling of the above exception, another exception occurred:
2020-06-19T03:56:18.106359+00:00 app[web.1]: 
2020-06-19T03:56:18.106363+00:00 app[web.1]: Traceback (most recent call last):
2020-06-19T03:56:18.106365+00:00 app[web.1]: File "/app/.heroku/python/bin/gunicorn", line 11, in <module>
2020-06-19T03:56:18.106526+00:00 app[web.1]: sys.exit(run())
2020-06-19T03:56:18.106527+00:00 app[web.1]: File "/app/.heroku/python/lib/python3.7/site-packages/gunicorn/app/wsgiapp.py", line 58, in run
2020-06-19T03:56:18.106591+00:00 app[web.1]: WSGIApplication("%(prog)s [OPTIONS] [APP_MODULE]").run()
2020-06-19T03:56:18.106596+00:00 app[web.1]: File "/app/.heroku/python/lib/python3.7/site-packages/gunicorn/app/base.py", line 228, in run
2020-06-19T03:56:18.106741+00:00 app[web.1]: super().run()
2020-06-19T03:56:18.106742+00:00 app[web.1]: File "/app/.heroku/python/lib/python3.7/site-packages/gunicorn/app/base.py", line 72, in run
2020-06-19T03:56:18.106954+00:00 app[web.1]: Arbiter(self).run()
2020-06-19T03:56:18.106955+00:00 app[web.1]: File "/app/.heroku/python/lib/python3.7/site-packages/gunicorn/arbiter.py", line 229, in run
2020-06-19T03:56:18.107081+00:00 app[web.1]: self.halt(reason=inst.reason, exit_status=inst.exit_status)
2020-06-19T03:56:18.107084+00:00 app[web.1]: File "/app/.heroku/python/lib/python3.7/site-packages/gunicorn/arbiter.py", line 342, in halt
2020-06-19T03:56:18.107294+00:00 app[web.1]: self.stop()
2020-06-19T03:56:18.107297+00:00 app[web.1]: File "/app/.heroku/python/lib/python3.7/site-packages/gunicorn/arbiter.py", line 393, in stop
2020-06-19T03:56:18.107505+00:00 app[web.1]: time.sleep(0.1)
2020-06-19T03:56:18.107530+00:00 app[web.1]: File "/app/.heroku/python/lib/python3.7/site-packages/gunicorn/arbiter.py", line 242, in handle_chld
2020-06-19T03:56:18.107695+00:00 app[web.1]: self.reap_workers()
2020-06-19T03:56:18.107698+00:00 app[web.1]: File "/app/.heroku/python/lib/python3.7/site-packages/gunicorn/arbiter.py", line 528, in reap_workers
2020-06-19T03:56:18.107945+00:00 app[web.1]: raise HaltServer(reason, self.APP_LOAD_ERROR)
2020-06-19T03:56:18.107982+00:00 app[web.1]: gunicorn.errors.HaltServer: <HaltServer 'App failed to load.' 4>
2020-06-19T03:56:18.194234+00:00 heroku[web.1]: Process exited with status 1
2020-06-19T03:56:18.243034+00:00 heroku[web.1]: State changed from starting to crashed
2020-06-19T03:56:18.991692+00:00 heroku[router]: at=error code=H10 desc="App crashed" method=GET path="/docs" host=post-it-here-data-api.herokuapp.com request_id=7d487971-0a74-40a0-a0da-85effa21d40e fwd="73.235.213.252" dyno= connect= service= status=503 bytes= protocol=https
2020-06-19T03:56:22.000000+00:00 app[api]: Build succeeded
2020-06-19T03:56:24.406917+00:00 heroku[router]: at=error code=H10 desc="App crashed" method=GET path="/docs" host=post-it-here-data-api.herokuapp.com request_id=fd771d7d-07dc-4e3b-89fd-8a5a27998b67 fwd="73.235.213.252" dyno= connect= service= status=503 bytes= protocol=https
2020-06-19T03:59:19.000000+00:00 app[api]: Build started by user erikseguinte@me.com
2020-06-19T03:59:45.553440+00:00 app[api]: Deploy 48e81f8b by user erikseguinte@me.com
2020-06-19T03:59:45.553440+00:00 app[api]: Release v6 created by user erikseguinte@me.com
2020-06-19T03:59:45.722491+00:00 heroku[router]: at=error code=H10 desc="App crashed" method=GET path="/docs" host=post-it-here-data-api.herokuapp.com request_id=9e1fb50d-e561-4c45-a3ce-6df000f22ad0 fwd="73.235.213.252" dyno= connect= service= status=503 bytes= protocol=https
2020-06-19T03:59:45.973197+00:00 heroku[web.1]: State changed from crashed to starting
2020-06-19T03:59:49.657656+00:00 heroku[web.1]: Starting process with command `gunicorn app:app -w 4 -k uvicorn.workers.UvicornWorker`
2020-06-19T03:59:51.971672+00:00 app[web.1]: [2020-06-19 03:59:51 +0000] [4] [INFO] Starting gunicorn 20.0.4
2020-06-19T03:59:51.972242+00:00 app[web.1]: [2020-06-19 03:59:51 +0000] [4] [INFO] Listening at: http://0.0.0.0:59509 (4)
2020-06-19T03:59:51.972329+00:00 app[web.1]: [2020-06-19 03:59:51 +0000] [4] [INFO] Using worker: uvicorn.workers.UvicornWorker
2020-06-19T03:59:51.976533+00:00 app[web.1]: [2020-06-19 03:59:51 +0000] [10] [INFO] Booting worker with pid: 10
2020-06-19T03:59:52.027009+00:00 app[web.1]: [2020-06-19 03:59:52 +0000] [11] [INFO] Booting worker with pid: 11
2020-06-19T03:59:52.097469+00:00 app[web.1]: [2020-06-19 03:59:52 +0000] [12] [INFO] Booting worker with pid: 12
2020-06-19T03:59:52.165039+00:00 app[web.1]: [2020-06-19 03:59:52 +0000] [13] [INFO] Booting worker with pid: 13
2020-06-19T03:59:52.408633+00:00 app[web.1]: [2020-06-19 03:59:52 +0000] [12] [INFO] Started server process [12]
2020-06-19T03:59:52.408841+00:00 app[web.1]: [2020-06-19 03:59:52 +0000] [12] [INFO] Waiting for application startup.
2020-06-19T03:59:52.409142+00:00 app[web.1]: [2020-06-19 03:59:52 +0000] [12] [INFO] Application startup complete.
2020-06-19T03:59:52.409413+00:00 app[web.1]: [2020-06-19 03:59:52 +0000] [11] [INFO] Started server process [11]
2020-06-19T03:59:52.409547+00:00 app[web.1]: [2020-06-19 03:59:52 +0000] [11] [INFO] Waiting for application startup.
2020-06-19T03:59:52.409975+00:00 app[web.1]: [2020-06-19 03:59:52 +0000] [11] [INFO] Application startup complete.
2020-06-19T03:59:52.410520+00:00 app[web.1]: [2020-06-19 03:59:52 +0000] [10] [INFO] Started server process [10]
2020-06-19T03:59:52.410661+00:00 app[web.1]: [2020-06-19 03:59:52 +0000] [10] [INFO] Waiting for application startup.
2020-06-19T03:59:52.411044+00:00 app[web.1]: [2020-06-19 03:59:52 +0000] [10] [INFO] Application startup complete.
2020-06-19T03:59:52.431950+00:00 app[web.1]: [2020-06-19 03:59:52 +0000] [13] [INFO] Started server process [13]
2020-06-19T03:59:52.432029+00:00 app[web.1]: [2020-06-19 03:59:52 +0000] [13] [INFO] Waiting for application startup.
2020-06-19T03:59:52.432464+00:00 app[web.1]: [2020-06-19 03:59:52 +0000] [13] [INFO] Application startup complete.
2020-06-19T03:59:52.606354+00:00 heroku[web.1]: State changed from starting to up
2020-06-19T03:59:56.000000+00:00 app[api]: Build succeeded
2020-06-19T04:00:01.082735+00:00 app[web.1]: 73.235.213.252:0 - "GET /docs HTTP/1.1" 200
2020-06-19T04:00:01.084629+00:00 heroku[router]: at=info method=GET path="/docs" host=post-it-here-data-api.herokuapp.com request_id=85184f42-2813-4522-aea8-ff7309467c98 fwd="73.235.213.252" dyno=web.1 connect=0ms service=1ms status=200 bytes=1098 protocol=https
2020-06-19T04:00:01.979040+00:00 app[web.1]: 73.235.213.252:0 - "GET /openapi.json HTTP/1.1" 200
2020-06-19T04:00:01.980787+00:00 heroku[router]: at=info method=GET path="/openapi.json" host=post-it-here-data-api.herokuapp.com request_id=41f22bab-4c67-4f99-bfe1-23a09f374898 fwd="73.235.213.252" dyno=web.1 connect=1ms service=5ms status=200 bytes=1788 protocol=https
2020-06-19T04:01:37.143072+00:00 app[web.1]: 3.82.138.201:0 - "GET /docs HTTP/1.1" 200
2020-06-19T04:01:37.145138+00:00 heroku[router]: at=info method=GET path="/docs" host=post-it-here-data-api.herokuapp.com request_id=6e4114fd-9eba-4331-9255-157875607414 fwd="3.82.138.201" dyno=web.1 connect=1ms service=1ms status=200 bytes=1098 protocol=https
2020-06-19T04:01:45.503125+00:00 heroku[router]: at=info method=GET path="/docs" host=post-it-here-data-api.herokuapp.com request_id=11034fc0-1287-4c1c-a9f1-ba312662d0be fwd="98.201.164.210" dyno=web.1 connect=1ms service=2ms status=200 bytes=1098 protocol=https
2020-06-19T04:01:45.503509+00:00 app[web.1]: 98.201.164.210:0 - "GET /docs HTTP/1.1" 200
2020-06-19T04:01:46.201513+00:00 heroku[router]: at=info method=GET path="/openapi.json" host=post-it-here-data-api.herokuapp.com request_id=88b9f44c-aabd-49b0-b3ba-a80b2901c0d8 fwd="98.201.164.210" dyno=web.1 connect=1ms service=2ms status=200 bytes=1788 protocol=https
2020-06-19T04:01:46.202324+00:00 app[web.1]: 98.201.164.210:0 - "GET /openapi.json HTTP/1.1" 200
2020-06-19T04:03:03.433236+00:00 app[web.1]: 73.235.213.252:0 - "POST /api/predict HTTP/1.1" 200
2020-06-19T04:03:03.434573+00:00 heroku[router]: at=info method=POST path="/api/predict" host=post-it-here-data-api.herokuapp.com request_id=67688210-7987-40b4-914a-1b5506ccfdad fwd="73.235.213.252" dyno=web.1 connect=1ms service=5ms status=200 bytes=210 protocol=https
2020-06-19T04:06:15.213718+00:00 app[web.1]: 73.235.213.252:0 - "POST /api/predict HTTP/1.1" 200
2020-06-19T04:06:15.220001+00:00 heroku[router]: at=info method=POST path="/api/predict" host=post-it-here-data-api.herokuapp.com request_id=1704b7cd-0916-48bd-8075-303c7283e0e2 fwd="73.235.213.252" dyno=web.1 connect=10ms service=8ms status=200 bytes=226 protocol=https
2020-06-19T04:08:33.778888+00:00 app[web.1]: 67.85.96.18:0 - "GET /docs HTTP/1.1" 200
2020-06-19T04:08:33.780459+00:00 heroku[router]: at=info method=GET path="/docs" host=post-it-here-data-api.herokuapp.com request_id=d3f206d9-192e-44da-bdbf-be1043c6bf75 fwd="67.85.96.18" dyno=web.1 connect=1ms service=2ms status=200 bytes=1098 protocol=https
2020-06-19T04:08:35.229522+00:00 app[web.1]: 67.85.96.18:0 - "GET /openapi.json HTTP/1.1" 200
2020-06-19T04:08:35.231776+00:00 heroku[router]: at=info method=GET path="/openapi.json" host=post-it-here-data-api.herokuapp.com request_id=8763a76e-62a1-4dd7-8642-34057edaab06 fwd="67.85.96.18" dyno=web.1 connect=1ms service=3ms status=200 bytes=1788 protocol=https
2020-06-19T04:09:36.984278+00:00 app[web.1]: 73.235.213.252:0 - "GET /docs HTTP/1.1" 200
2020-06-19T04:09:36.984944+00:00 heroku[router]: at=info method=GET path="/docs" host=post-it-here-data-api.herokuapp.com request_id=38ad940c-b801-44fd-8aa6-b6594723c0a6 fwd="73.235.213.252" dyno=web.1 connect=0ms service=2ms status=200 bytes=1098 protocol=https
2020-06-19T04:09:37.340675+00:00 app[web.1]: 73.235.213.252:0 - "GET /openapi.json HTTP/1.1" 200
2020-06-19T04:09:37.341657+00:00 heroku[router]: at=info method=GET path="/openapi.json" host=post-it-here-data-api.herokuapp.com request_id=04a0e85d-b4b2-4495-b457-9781dbf74280 fwd="73.235.213.252" dyno=web.1 connect=0ms service=2ms status=200 bytes=1788 protocol=https
2020-06-19T04:13:45.817453+00:00 app[web.1]: 67.85.96.18:0 - "GET /docs HTTP/1.1" 200
2020-06-19T04:13:45.818954+00:00 heroku[router]: at=info method=GET path="/docs" host=post-it-here-data-api.herokuapp.com request_id=ba1b5f7b-886f-4bdb-8b09-07f81d60b838 fwd="67.85.96.18" dyno=web.1 connect=0ms service=1ms status=200 bytes=1098 protocol=https
2020-06-19T04:13:46.022448+00:00 app[web.1]: 67.85.96.18:0 - "GET /openapi.json HTTP/1.1" 200
2020-06-19T04:13:46.024081+00:00 heroku[router]: at=info method=GET path="/openapi.json" host=post-it-here-data-api.herokuapp.com request_id=35f858b7-cba1-411f-95cc-a32f30991513 fwd="67.85.96.18" dyno=web.1 connect=0ms service=1ms status=200 bytes=1788 protocol=https
2020-06-19T04:33:20.000000+00:00 app[api]: Build started by user erikseguinte@me.com
2020-06-19T04:33:47.917685+00:00 app[api]: Deploy e3f1a1ba by user erikseguinte@me.com
2020-06-19T04:33:47.917685+00:00 app[api]: Release v7 created by user erikseguinte@me.com
2020-06-19T04:33:48.239506+00:00 heroku[web.1]: Restarting
2020-06-19T04:33:48.241654+00:00 heroku[web.1]: State changed from up to starting
2020-06-19T04:33:49.612944+00:00 heroku[web.1]: Stopping all processes with SIGTERM
2020-06-19T04:33:49.643668+00:00 app[web.1]: [2020-06-19 04:33:49 +0000] [4] [INFO] Handling signal: term
2020-06-19T04:33:49.645399+00:00 app[web.1]: [2020-06-19 04:33:49 +0000] [12] [INFO] Shutting down
2020-06-19T04:33:49.645708+00:00 app[web.1]: [2020-06-19 04:33:49 +0000] [12] [INFO] Error while closing socket [Errno 9] Bad file descriptor
2020-06-19T04:33:49.692687+00:00 app[web.1]: [2020-06-19 04:33:49 +0000] [13] [INFO] Shutting down
2020-06-19T04:33:49.692944+00:00 app[web.1]: [2020-06-19 04:33:49 +0000] [13] [INFO] Error while closing socket [Errno 9] Bad file descriptor
2020-06-19T04:33:49.701794+00:00 app[web.1]: [2020-06-19 04:33:49 +0000] [11] [INFO] Shutting down
2020-06-19T04:33:49.702134+00:00 app[web.1]: [2020-06-19 04:33:49 +0000] [11] [INFO] Error while closing socket [Errno 9] Bad file descriptor
2020-06-19T04:33:49.732740+00:00 app[web.1]: [2020-06-19 04:33:49 +0000] [10] [INFO] Shutting down
2020-06-19T04:33:49.733095+00:00 app[web.1]: [2020-06-19 04:33:49 +0000] [10] [INFO] Error while closing socket [Errno 9] Bad file descriptor
2020-06-19T04:33:49.747827+00:00 app[web.1]: [2020-06-19 04:33:49 +0000] [12] [INFO] Finished server process [12]
2020-06-19T04:33:49.755605+00:00 app[web.1]: [2020-06-19 04:33:49 +0000] [12] [INFO] Worker exiting (pid: 12)
2020-06-19T04:33:49.793498+00:00 app[web.1]: [2020-06-19 04:33:49 +0000] [13] [INFO] Waiting for application shutdown.
2020-06-19T04:33:49.793848+00:00 app[web.1]: [2020-06-19 04:33:49 +0000] [13] [INFO] Application shutdown complete.
2020-06-19T04:33:49.794085+00:00 app[web.1]: [2020-06-19 04:33:49 +0000] [13] [INFO] Finished server process [13]
2020-06-19T04:33:49.794424+00:00 app[web.1]: [2020-06-19 04:33:49 +0000] [13] [INFO] Worker exiting (pid: 13)
2020-06-19T04:33:49.802688+00:00 app[web.1]: [2020-06-19 04:33:49 +0000] [11] [INFO] Waiting for application shutdown.
2020-06-19T04:33:49.802943+00:00 app[web.1]: [2020-06-19 04:33:49 +0000] [11] [INFO] Application shutdown complete.
2020-06-19T04:33:49.803078+00:00 app[web.1]: [2020-06-19 04:33:49 +0000] [11] [INFO] Finished server process [11]
2020-06-19T04:33:49.803320+00:00 app[web.1]: [2020-06-19 04:33:49 +0000] [11] [INFO] Worker exiting (pid: 11)
2020-06-19T04:33:49.839770+00:00 app[web.1]: [2020-06-19 04:33:49 +0000] [10] [INFO] Finished server process [10]
2020-06-19T04:33:49.840173+00:00 app[web.1]: [2020-06-19 04:33:49 +0000] [10] [INFO] Worker exiting (pid: 10)
2020-06-19T04:33:49.948069+00:00 app[web.1]: [2020-06-19 04:33:49 +0000] [4] [INFO] Shutting down: Master
2020-06-19T04:33:50.029063+00:00 heroku[web.1]: Process exited with status 0
2020-06-19T04:33:52.271695+00:00 heroku[web.1]: Starting process with command `gunicorn app:app -w 4 -k uvicorn.workers.UvicornWorker`
2020-06-19T04:33:54.703956+00:00 app[web.1]: [2020-06-19 04:33:54 +0000] [4] [INFO] Starting gunicorn 20.0.4
2020-06-19T04:33:54.704557+00:00 app[web.1]: [2020-06-19 04:33:54 +0000] [4] [INFO] Listening at: http://0.0.0.0:28122 (4)
2020-06-19T04:33:54.704641+00:00 app[web.1]: [2020-06-19 04:33:54 +0000] [4] [INFO] Using worker: uvicorn.workers.UvicornWorker
2020-06-19T04:33:54.709078+00:00 app[web.1]: [2020-06-19 04:33:54 +0000] [10] [INFO] Booting worker with pid: 10
2020-06-19T04:33:54.766275+00:00 app[web.1]: [2020-06-19 04:33:54 +0000] [11] [INFO] Booting worker with pid: 11
2020-06-19T04:33:54.859089+00:00 app[web.1]: [2020-06-19 04:33:54 +0000] [12] [INFO] Booting worker with pid: 12
2020-06-19T04:33:54.894012+00:00 app[web.1]: [2020-06-19 04:33:54 +0000] [13] [INFO] Booting worker with pid: 13
2020-06-19T04:33:55.001699+00:00 heroku[web.1]: State changed from starting to up
2020-06-19T04:33:55.132497+00:00 app[web.1]: [2020-06-19 04:33:55 +0000] [10] [INFO] Started server process [10]
2020-06-19T04:33:55.132607+00:00 app[web.1]: [2020-06-19 04:33:55 +0000] [10] [INFO] Waiting for application startup.
2020-06-19T04:33:55.133289+00:00 app[web.1]: [2020-06-19 04:33:55 +0000] [10] [INFO] Application startup complete.
2020-06-19T04:33:55.133295+00:00 app[web.1]: [2020-06-19 04:33:55 +0000] [11] [INFO] Started server process [11]
2020-06-19T04:33:55.133444+00:00 app[web.1]: [2020-06-19 04:33:55 +0000] [11] [INFO] Waiting for application startup.
2020-06-19T04:33:55.133875+00:00 app[web.1]: [2020-06-19 04:33:55 +0000] [11] [INFO] Application startup complete.
2020-06-19T04:33:55.151835+00:00 app[web.1]: [2020-06-19 04:33:55 +0000] [13] [INFO] Started server process [13]
2020-06-19T04:33:55.151962+00:00 app[web.1]: [2020-06-19 04:33:55 +0000] [13] [INFO] Waiting for application startup.
2020-06-19T04:33:55.152342+00:00 app[web.1]: [2020-06-19 04:33:55 +0000] [13] [INFO] Application startup complete.
2020-06-19T04:33:55.159136+00:00 app[web.1]: [2020-06-19 04:33:55 +0000] [12] [INFO] Started server process [12]
2020-06-19T04:33:55.159221+00:00 app[web.1]: [2020-06-19 04:33:55 +0000] [12] [INFO] Waiting for application startup.
2020-06-19T04:33:55.159652+00:00 app[web.1]: [2020-06-19 04:33:55 +0000] [12] [INFO] Application startup complete.
2020-06-19T04:33:58.000000+00:00 app[api]: Build succeeded
2020-06-19T05:06:25.296869+00:00 heroku[web.1]: Idling
2020-06-19T05:06:25.299490+00:00 heroku[web.1]: State changed from up to down
2020-06-19T05:06:26.252389+00:00 heroku[web.1]: Stopping all processes with SIGTERM
2020-06-19T05:06:26.292977+00:00 app[web.1]: [2020-06-19 05:06:26 +0000] [4] [INFO] Handling signal: term
2020-06-19T05:06:26.317759+00:00 app[web.1]: [2020-06-19 05:06:26 +0000] [12] [INFO] Shutting down
2020-06-19T05:06:26.318082+00:00 app[web.1]: [2020-06-19 05:06:26 +0000] [12] [INFO] Error while closing socket [Errno 9] Bad file descriptor
2020-06-19T05:06:26.337943+00:00 app[web.1]: [2020-06-19 05:06:26 +0000] [13] [INFO] Shutting down
2020-06-19T05:06:26.338279+00:00 app[web.1]: [2020-06-19 05:06:26 +0000] [13] [INFO] Error while closing socket [Errno 9] Bad file descriptor
2020-06-19T05:06:26.355474+00:00 app[web.1]: [2020-06-19 05:06:26 +0000] [11] [INFO] Shutting down
2020-06-19T05:06:26.355853+00:00 app[web.1]: [2020-06-19 05:06:26 +0000] [11] [INFO] Error while closing socket [Errno 9] Bad file descriptor
2020-06-19T05:06:26.359449+00:00 app[web.1]: [2020-06-19 05:06:26 +0000] [10] [INFO] Shutting down
2020-06-19T05:06:26.359717+00:00 app[web.1]: [2020-06-19 05:06:26 +0000] [10] [INFO] Error while closing socket [Errno 9] Bad file descriptor
2020-06-19T05:06:26.418629+00:00 app[web.1]: [2020-06-19 05:06:26 +0000] [12] [INFO] Waiting for application shutdown.
2020-06-19T05:06:26.418852+00:00 app[web.1]: [2020-06-19 05:06:26 +0000] [12] [INFO] Application shutdown complete.
2020-06-19T05:06:26.418973+00:00 app[web.1]: [2020-06-19 05:06:26 +0000] [12] [INFO] Finished server process [12]
2020-06-19T05:06:26.419271+00:00 app[web.1]: [2020-06-19 05:06:26 +0000] [12] [INFO] Worker exiting (pid: 12)
2020-06-19T05:06:26.438867+00:00 app[web.1]: [2020-06-19 05:06:26 +0000] [13] [INFO] Waiting for application shutdown.
2020-06-19T05:06:26.439195+00:00 app[web.1]: [2020-06-19 05:06:26 +0000] [13] [INFO] Application shutdown complete.
2020-06-19T05:06:26.439388+00:00 app[web.1]: [2020-06-19 05:06:26 +0000] [13] [INFO] Finished server process [13]
2020-06-19T05:06:26.439699+00:00 app[web.1]: [2020-06-19 05:06:26 +0000] [13] [INFO] Worker exiting (pid: 13)
2020-06-19T05:06:26.456410+00:00 app[web.1]: [2020-06-19 05:06:26 +0000] [11] [INFO] Finished server process [11]
2020-06-19T05:06:26.456684+00:00 app[web.1]: [2020-06-19 05:06:26 +0000] [11] [INFO] Worker exiting (pid: 11)
2020-06-19T05:06:26.460278+00:00 app[web.1]: [2020-06-19 05:06:26 +0000] [10] [INFO] Finished server process [10]
2020-06-19T05:06:26.460589+00:00 app[web.1]: [2020-06-19 05:06:26 +0000] [10] [INFO] Worker exiting (pid: 10)
2020-06-19T05:06:26.593650+00:00 app[web.1]: [2020-06-19 05:06:26 +0000] [4] [INFO] Shutting down: Master
2020-06-19T05:06:26.739968+00:00 heroku[web.1]: Process exited with status 0
2020-06-19T06:00:06.781769+00:00 heroku[web.1]: Unidling
2020-06-19T06:00:06.783609+00:00 heroku[web.1]: State changed from down to starting
2020-06-19T06:00:11.145460+00:00 heroku[web.1]: Starting process with command `gunicorn app:app -w 4 -k uvicorn.workers.UvicornWorker`
2020-06-19T06:00:13.644376+00:00 app[web.1]: [2020-06-19 06:00:13 +0000] [4] [INFO] Starting gunicorn 20.0.4
2020-06-19T06:00:13.645099+00:00 app[web.1]: [2020-06-19 06:00:13 +0000] [4] [INFO] Listening at: http://0.0.0.0:35514 (4)
2020-06-19T06:00:13.645228+00:00 app[web.1]: [2020-06-19 06:00:13 +0000] [4] [INFO] Using worker: uvicorn.workers.UvicornWorker
2020-06-19T06:00:13.650349+00:00 app[web.1]: [2020-06-19 06:00:13 +0000] [10] [INFO] Booting worker with pid: 10
2020-06-19T06:00:13.691000+00:00 app[web.1]: [2020-06-19 06:00:13 +0000] [11] [INFO] Booting worker with pid: 11
2020-06-19T06:00:13.766018+00:00 app[web.1]: [2020-06-19 06:00:13 +0000] [12] [INFO] Booting worker with pid: 12
2020-06-19T06:00:13.818088+00:00 app[web.1]: [2020-06-19 06:00:13 +0000] [13] [INFO] Booting worker with pid: 13
2020-06-19T06:00:14.101106+00:00 app[web.1]: [2020-06-19 06:00:14 +0000] [10] [INFO] Started server process [10]
2020-06-19T06:00:14.101216+00:00 app[web.1]: [2020-06-19 06:00:14 +0000] [10] [INFO] Waiting for application startup.
2020-06-19T06:00:14.101543+00:00 app[web.1]: [2020-06-19 06:00:14 +0000] [10] [INFO] Application startup complete.
2020-06-19T06:00:14.101672+00:00 app[web.1]: [2020-06-19 06:00:14 +0000] [11] [INFO] Started server process [11]
2020-06-19T06:00:14.101782+00:00 app[web.1]: [2020-06-19 06:00:14 +0000] [11] [INFO] Waiting for application startup.
2020-06-19T06:00:14.102107+00:00 app[web.1]: [2020-06-19 06:00:14 +0000] [11] [INFO] Application startup complete.
2020-06-19T06:00:14.102804+00:00 app[web.1]: [2020-06-19 06:00:14 +0000] [12] [INFO] Started server process [12]
2020-06-19T06:00:14.102946+00:00 app[web.1]: [2020-06-19 06:00:14 +0000] [12] [INFO] Waiting for application startup.
2020-06-19T06:00:14.103352+00:00 app[web.1]: [2020-06-19 06:00:14 +0000] [12] [INFO] Application startup complete.
2020-06-19T06:00:14.103463+00:00 app[web.1]: [2020-06-19 06:00:14 +0000] [13] [INFO] Started server process [13]
2020-06-19T06:00:14.103698+00:00 app[web.1]: [2020-06-19 06:00:14 +0000] [13] [INFO] Waiting for application startup.
2020-06-19T06:00:14.104031+00:00 app[web.1]: [2020-06-19 06:00:14 +0000] [13] [INFO] Application startup complete.
2020-06-19T06:00:14.276730+00:00 heroku[web.1]: State changed from starting to up
2020-06-19T06:00:15.850359+00:00 app[web.1]: 97.115.155.21:0 - "GET /docs HTTP/1.1" 200
2020-06-19T06:00:15.851634+00:00 heroku[router]: at=info method=GET path="/docs" host=post-it-here-data-api.herokuapp.com request_id=b22c750c-37a0-46c7-98f7-9a1fd1b56af0 fwd="97.115.155.21" dyno=web.1 connect=0ms service=2ms status=200 bytes=1098 protocol=https
2020-06-19T06:00:16.439962+00:00 app[web.1]: 97.115.155.21:0 - "GET /openapi.json HTTP/1.1" 200
2020-06-19T06:00:16.441170+00:00 heroku[router]: at=info method=GET path="/openapi.json" host=post-it-here-data-api.herokuapp.com request_id=996be1e5-014d-4157-95a3-ff36e178325a fwd="97.115.155.21" dyno=web.1 connect=0ms service=5ms status=200 bytes=1788 protocol=https
2020-06-19T06:00:26.458967+00:00 app[web.1]: 97.115.155.21:0 - "POST /api/predict HTTP/1.1" 200
2020-06-19T06:00:26.460055+00:00 heroku[router]: at=info method=POST path="/api/predict" host=post-it-here-data-api.herokuapp.com request_id=7f9a9b1d-2093-4c0d-88a8-4137f100bb94 fwd="97.115.155.21" dyno=web.1 connect=0ms service=1ms status=200 bytes=197 protocol=https
2020-06-19T06:34:32.617332+00:00 heroku[web.1]: Idling
2020-06-19T06:34:32.620471+00:00 heroku[web.1]: State changed from up to down
2020-06-19T06:34:33.847908+00:00 heroku[web.1]: Stopping all processes with SIGTERM
2020-06-19T06:34:33.885646+00:00 app[web.1]: [2020-06-19 06:34:33 +0000] [4] [INFO] Handling signal: term
2020-06-19T06:34:33.898391+00:00 app[web.1]: [2020-06-19 06:34:33 +0000] [13] [INFO] Shutting down
2020-06-19T06:34:33.898690+00:00 app[web.1]: [2020-06-19 06:34:33 +0000] [13] [INFO] Error while closing socket [Errno 9] Bad file descriptor
2020-06-19T06:34:33.902413+00:00 app[web.1]: [2020-06-19 06:34:33 +0000] [11] [INFO] Shutting down
2020-06-19T06:34:33.903000+00:00 app[web.1]: [2020-06-19 06:34:33 +0000] [11] [INFO] Error while closing socket [Errno 9] Bad file descriptor
2020-06-19T06:34:33.907519+00:00 app[web.1]: [2020-06-19 06:34:33 +0000] [10] [INFO] Shutting down
2020-06-19T06:34:33.907899+00:00 app[web.1]: [2020-06-19 06:34:33 +0000] [10] [INFO] Error while closing socket [Errno 9] Bad file descriptor
2020-06-19T06:34:33.908279+00:00 app[web.1]: [2020-06-19 06:34:33 +0000] [12] [INFO] Shutting down
2020-06-19T06:34:33.908598+00:00 app[web.1]: [2020-06-19 06:34:33 +0000] [12] [INFO] Error while closing socket [Errno 9] Bad file descriptor
2020-06-19T06:34:33.999330+00:00 app[web.1]: [2020-06-19 06:34:33 +0000] [13] [INFO] Finished server process [13]
2020-06-19T06:34:33.999628+00:00 app[web.1]: [2020-06-19 06:34:33 +0000] [13] [INFO] Worker exiting (pid: 13)
2020-06-19T06:34:34.003570+00:00 app[web.1]: [2020-06-19 06:34:34 +0000] [11] [INFO] Finished server process [11]
2020-06-19T06:34:34.003855+00:00 app[web.1]: [2020-06-19 06:34:34 +0000] [11] [INFO] Worker exiting (pid: 11)
2020-06-19T06:34:34.011982+00:00 app[web.1]: [2020-06-19 06:34:34 +0000] [10] [INFO] Finished server process [10]
2020-06-19T06:34:34.011983+00:00 app[web.1]: [2020-06-19 06:34:34 +0000] [10] [INFO] Worker exiting (pid: 10)
2020-06-19T06:34:34.012631+00:00 app[web.1]: [2020-06-19 06:34:34 +0000] [12] [INFO] Finished server process [12]
2020-06-19T06:34:34.013389+00:00 app[web.1]: [2020-06-19 06:34:34 +0000] [12] [INFO] Worker exiting (pid: 12)
2020-06-19T06:34:34.186799+00:00 app[web.1]: [2020-06-19 06:34:34 +0000] [4] [INFO] Shutting down: Master
2020-06-19T06:34:34.262367+00:00 heroku[web.1]: Process exited with status 0
2020-06-19T20:15:20.719779+00:00 heroku[web.1]: Unidling
2020-06-19T20:15:20.721470+00:00 heroku[web.1]: State changed from down to starting
2020-06-19T20:15:25.270248+00:00 heroku[web.1]: Starting process with command `gunicorn app:app -w 4 -k uvicorn.workers.UvicornWorker`
2020-06-19T20:15:28.769039+00:00 app[web.1]: [2020-06-19 20:15:28 +0000] [4] [INFO] Starting gunicorn 20.0.4
2020-06-19T20:15:28.769853+00:00 app[web.1]: [2020-06-19 20:15:28 +0000] [4] [INFO] Listening at: http://0.0.0.0:9634 (4)
2020-06-19T20:15:28.769977+00:00 app[web.1]: [2020-06-19 20:15:28 +0000] [4] [INFO] Using worker: uvicorn.workers.UvicornWorker
2020-06-19T20:15:28.778262+00:00 app[web.1]: [2020-06-19 20:15:28 +0000] [10] [INFO] Booting worker with pid: 10
2020-06-19T20:15:28.870102+00:00 app[web.1]: [2020-06-19 20:15:28 +0000] [11] [INFO] Booting worker with pid: 11
2020-06-19T20:15:28.965436+00:00 app[web.1]: [2020-06-19 20:15:28 +0000] [12] [INFO] Booting worker with pid: 12
2020-06-19T20:15:29.014378+00:00 app[web.1]: [2020-06-19 20:15:29 +0000] [13] [INFO] Booting worker with pid: 13
2020-06-19T20:15:29.551859+00:00 app[web.1]: [2020-06-19 20:15:29 +0000] [13] [INFO] Started server process [13]
2020-06-19T20:15:29.553932+00:00 app[web.1]: [2020-06-19 20:15:29 +0000] [13] [INFO] Waiting for application startup.
2020-06-19T20:15:29.554371+00:00 app[web.1]: [2020-06-19 20:15:29 +0000] [13] [INFO] Application startup complete.
2020-06-19T20:15:29.564319+00:00 heroku[web.1]: State changed from starting to up
2020-06-19T20:15:29.593025+00:00 app[web.1]: [2020-06-19 20:15:29 +0000] [12] [INFO] Started server process [12]
2020-06-19T20:15:29.593677+00:00 app[web.1]: [2020-06-19 20:15:29 +0000] [12] [INFO] Waiting for application startup.
2020-06-19T20:15:29.594168+00:00 app[web.1]: [2020-06-19 20:15:29 +0000] [12] [INFO] Application startup complete.
2020-06-19T20:15:29.598902+00:00 app[web.1]: [2020-06-19 20:15:29 +0000] [11] [INFO] Started server process [11]
2020-06-19T20:15:29.599031+00:00 app[web.1]: [2020-06-19 20:15:29 +0000] [11] [INFO] Waiting for application startup.
2020-06-19T20:15:29.599421+00:00 app[web.1]: [2020-06-19 20:15:29 +0000] [11] [INFO] Application startup complete.
2020-06-19T20:15:29.625872+00:00 app[web.1]: [2020-06-19 20:15:29 +0000] [10] [INFO] Started server process [10]
2020-06-19T20:15:29.629038+00:00 app[web.1]: [2020-06-19 20:15:29 +0000] [10] [INFO] Waiting for application startup.
2020-06-19T20:15:29.629649+00:00 app[web.1]: [2020-06-19 20:15:29 +0000] [10] [INFO] Application startup complete.
2020-06-19T20:15:30.777546+00:00 app[web.1]: 73.235.213.252:0 - "GET /docs HTTP/1.1" 200
2020-06-19T20:15:30.783247+00:00 heroku[router]: at=info method=GET path="/docs" host=post-it-here-data-api.herokuapp.com request_id=7e5af2b6-9163-4c48-9a2d-1086978be268 fwd="73.235.213.252" dyno=web.1 connect=0ms service=1ms status=200 bytes=1098 protocol=https
2020-06-19T20:15:31.327626+00:00 app[web.1]: 73.235.213.252:0 - "GET /openapi.json HTTP/1.1" 200
2020-06-19T20:15:31.336057+00:00 heroku[router]: at=info method=GET path="/openapi.json" host=post-it-here-data-api.herokuapp.com request_id=b9adc77f-8c23-4235-be63-0ef54ca61325 fwd="73.235.213.252" dyno=web.1 connect=0ms service=15ms status=200 bytes=1788 protocol=https
2020-06-19T20:50:20.471335+00:00 heroku[web.1]: Idling
2020-06-19T20:50:20.473568+00:00 heroku[web.1]: State changed from up to down
2020-06-19T20:50:25.742336+00:00 heroku[web.1]: Stopping all processes with SIGTERM
2020-06-19T20:50:25.810208+00:00 app[web.1]: [2020-06-19 20:50:25 +0000] [4] [INFO] Handling signal: term
2020-06-19T20:50:25.812517+00:00 app[web.1]: [2020-06-19 20:50:25 +0000] [10] [INFO] Shutting down
2020-06-19T20:50:25.812990+00:00 app[web.1]: [2020-06-19 20:50:25 +0000] [10] [INFO] Error while closing socket [Errno 9] Bad file descriptor
2020-06-19T20:50:25.813090+00:00 app[web.1]: [2020-06-19 20:50:25 +0000] [12] [INFO] Shutting down
2020-06-19T20:50:25.813532+00:00 app[web.1]: [2020-06-19 20:50:25 +0000] [12] [INFO] Error while closing socket [Errno 9] Bad file descriptor
2020-06-19T20:50:25.817194+00:00 app[web.1]: [2020-06-19 20:50:25 +0000] [13] [INFO] Shutting down
2020-06-19T20:50:25.818260+00:00 app[web.1]: [2020-06-19 20:50:25 +0000] [13] [INFO] Error while closing socket [Errno 9] Bad file descriptor
2020-06-19T20:50:25.845472+00:00 app[web.1]: [2020-06-19 20:50:25 +0000] [11] [INFO] Shutting down
2020-06-19T20:50:25.845895+00:00 app[web.1]: [2020-06-19 20:50:25 +0000] [11] [INFO] Error while closing socket [Errno 9] Bad file descriptor
2020-06-19T20:50:25.913721+00:00 app[web.1]: [2020-06-19 20:50:25 +0000] [10] [INFO] Waiting for application shutdown.
2020-06-19T20:50:25.914122+00:00 app[web.1]: [2020-06-19 20:50:25 +0000] [10] [INFO] Application shutdown complete.
2020-06-19T20:50:25.914333+00:00 app[web.1]: [2020-06-19 20:50:25 +0000] [10] [INFO] Finished server process [10]
2020-06-19T20:50:25.914668+00:00 app[web.1]: [2020-06-19 20:50:25 +0000] [10] [INFO] Worker exiting (pid: 10)
2020-06-19T20:50:25.914805+00:00 app[web.1]: [2020-06-19 20:50:25 +0000] [12] [INFO] Finished server process [12]
2020-06-19T20:50:25.915129+00:00 app[web.1]: [2020-06-19 20:50:25 +0000] [12] [INFO] Worker exiting (pid: 12)
2020-06-19T20:50:25.920873+00:00 app[web.1]: [2020-06-19 20:50:25 +0000] [13] [INFO] Finished server process [13]
2020-06-19T20:50:25.921262+00:00 app[web.1]: [2020-06-19 20:50:25 +0000] [13] [INFO] Worker exiting (pid: 13)
2020-06-19T20:50:25.946561+00:00 app[web.1]: [2020-06-19 20:50:25 +0000] [11] [INFO] Finished server process [11]
2020-06-19T20:50:25.954023+00:00 app[web.1]: [2020-06-19 20:50:25 +0000] [11] [INFO] Worker exiting (pid: 11)
2020-06-19T20:50:26.112727+00:00 app[web.1]: [2020-06-19 20:50:26 +0000] [4] [INFO] Shutting down: Master
2020-06-19T20:50:26.239878+00:00 heroku[web.1]: Process exited with status 0
2020-06-22T12:31:56.354487+00:00 heroku[web.1]: Unidling
2020-06-22T12:31:56.368294+00:00 heroku[web.1]: State changed from down to starting
2020-06-22T12:32:00.339039+00:00 heroku[web.1]: Starting process with command `gunicorn app:app -w 4 -k uvicorn.workers.UvicornWorker`
2020-06-22T12:32:02.792487+00:00 app[web.1]: [2020-06-22 12:32:02 +0000] [4] [INFO] Starting gunicorn 20.0.4
2020-06-22T12:32:02.793182+00:00 app[web.1]: [2020-06-22 12:32:02 +0000] [4] [INFO] Listening at: http://0.0.0.0:56257 (4)
2020-06-22T12:32:02.793283+00:00 app[web.1]: [2020-06-22 12:32:02 +0000] [4] [INFO] Using worker: uvicorn.workers.UvicornWorker
2020-06-22T12:32:02.797988+00:00 app[web.1]: [2020-06-22 12:32:02 +0000] [10] [INFO] Booting worker with pid: 10
2020-06-22T12:32:02.804131+00:00 app[web.1]: [2020-06-22 12:32:02 +0000] [11] [INFO] Booting worker with pid: 11
2020-06-22T12:32:02.859857+00:00 app[web.1]: [2020-06-22 12:32:02 +0000] [12] [INFO] Booting worker with pid: 12
2020-06-22T12:32:02.904992+00:00 app[web.1]: [2020-06-22 12:32:02 +0000] [13] [INFO] Booting worker with pid: 13
2020-06-22T12:32:03.196246+00:00 app[web.1]: [2020-06-22 12:32:03 +0000] [12] [INFO] Started server process [12]
2020-06-22T12:32:03.196322+00:00 app[web.1]: [2020-06-22 12:32:03 +0000] [12] [INFO] Waiting for application startup.
2020-06-22T12:32:03.196648+00:00 app[web.1]: [2020-06-22 12:32:03 +0000] [12] [INFO] Application startup complete.
2020-06-22T12:32:03.198980+00:00 app[web.1]: [2020-06-22 12:32:03 +0000] [11] [INFO] Started server process [11]
2020-06-22T12:32:03.199124+00:00 app[web.1]: [2020-06-22 12:32:03 +0000] [11] [INFO] Waiting for application startup.
2020-06-22T12:32:03.199530+00:00 app[web.1]: [2020-06-22 12:32:03 +0000] [11] [INFO] Application startup complete.
2020-06-22T12:32:03.199572+00:00 app[web.1]: [2020-06-22 12:32:03 +0000] [13] [INFO] Started server process [13]
2020-06-22T12:32:03.199713+00:00 app[web.1]: [2020-06-22 12:32:03 +0000] [13] [INFO] Waiting for application startup.
2020-06-22T12:32:03.200485+00:00 app[web.1]: [2020-06-22 12:32:03 +0000] [13] [INFO] Application startup complete.
2020-06-22T12:32:03.204450+00:00 app[web.1]: [2020-06-22 12:32:03 +0000] [10] [INFO] Started server process [10]
2020-06-22T12:32:03.204593+00:00 app[web.1]: [2020-06-22 12:32:03 +0000] [10] [INFO] Waiting for application startup.
2020-06-22T12:32:03.205007+00:00 app[web.1]: [2020-06-22 12:32:03 +0000] [10] [INFO] Application startup complete.
2020-06-22T12:32:03.277673+00:00 heroku[web.1]: State changed from starting to up
2020-06-22T12:32:04.422686+00:00 heroku[router]: at=info method=GET path="/docs" host=post-it-here-data-api.herokuapp.com request_id=4c7420a1-dc61-4589-b751-84dafc93df7a fwd="50.252.212.97" dyno=web.1 connect=0ms service=1ms status=200 bytes=1098 protocol=https
2020-06-22T12:32:04.422933+00:00 app[web.1]: 50.252.212.97:0 - "GET /docs HTTP/1.1" 200
2020-06-22T12:32:05.886805+00:00 app[web.1]: 50.252.212.97:0 - "GET /openapi.json HTTP/1.1" 200
2020-06-22T12:32:05.888340+00:00 heroku[router]: at=info method=GET path="/openapi.json" host=post-it-here-data-api.herokuapp.com request_id=7973dc3d-8f64-4ffe-8548-ac1799b61c39 fwd="50.252.212.97" dyno=web.1 connect=0ms service=9ms status=200 bytes=1788 protocol=https
2020-06-22T13:05:56.136192+00:00 heroku[web.1]: Idling
2020-06-22T13:05:56.138318+00:00 heroku[web.1]: State changed from up to down
2020-06-22T13:05:57.128672+00:00 heroku[web.1]: Stopping all processes with SIGTERM
2020-06-22T13:05:57.160936+00:00 app[web.1]: [2020-06-22 13:05:57 +0000] [4] [INFO] Handling signal: term
2020-06-22T13:05:57.242944+00:00 app[web.1]: [2020-06-22 13:05:57 +0000] [12] [INFO] Shutting down
2020-06-22T13:05:57.242945+00:00 app[web.1]: [2020-06-22 13:05:57 +0000] [13] [INFO] Shutting down
2020-06-22T13:05:57.242948+00:00 app[web.1]: [2020-06-22 13:05:57 +0000] [12] [INFO] Error while closing socket [Errno 9] Bad file descriptor
2020-06-22T13:05:57.242949+00:00 app[web.1]: [2020-06-22 13:05:57 +0000] [13] [INFO] Error while closing socket [Errno 9] Bad file descriptor
2020-06-22T13:05:57.244521+00:00 app[web.1]: [2020-06-22 13:05:57 +0000] [10] [INFO] Shutting down
2020-06-22T13:05:57.244799+00:00 app[web.1]: [2020-06-22 13:05:57 +0000] [10] [INFO] Error while closing socket [Errno 9] Bad file descriptor
2020-06-22T13:05:57.247528+00:00 app[web.1]: [2020-06-22 13:05:57 +0000] [11] [INFO] Shutting down
2020-06-22T13:05:57.247829+00:00 app[web.1]: [2020-06-22 13:05:57 +0000] [11] [INFO] Error while closing socket [Errno 9] Bad file descriptor
2020-06-22T13:05:57.343455+00:00 app[web.1]: [2020-06-22 13:05:57 +0000] [13] [INFO] Finished server process [13]
2020-06-22T13:05:57.343456+00:00 app[web.1]: [2020-06-22 13:05:57 +0000] [12] [INFO] Finished server process [12]
2020-06-22T13:05:57.343704+00:00 app[web.1]: [2020-06-22 13:05:57 +0000] [13] [INFO] Worker exiting (pid: 13)
2020-06-22T13:05:57.343708+00:00 app[web.1]: [2020-06-22 13:05:57 +0000] [12] [INFO] Worker exiting (pid: 12)
2020-06-22T13:05:57.345667+00:00 app[web.1]: [2020-06-22 13:05:57 +0000] [10] [INFO] Waiting for application shutdown.
2020-06-22T13:05:57.345954+00:00 app[web.1]: [2020-06-22 13:05:57 +0000] [10] [INFO] Application shutdown complete.
2020-06-22T13:05:57.346118+00:00 app[web.1]: [2020-06-22 13:05:57 +0000] [10] [INFO] Finished server process [10]
2020-06-22T13:05:57.346403+00:00 app[web.1]: [2020-06-22 13:05:57 +0000] [10] [INFO] Worker exiting (pid: 10)
2020-06-22T13:05:57.351532+00:00 app[web.1]: [2020-06-22 13:05:57 +0000] [11] [INFO] Waiting for application shutdown.
2020-06-22T13:05:57.351949+00:00 app[web.1]: [2020-06-22 13:05:57 +0000] [11] [INFO] Application shutdown complete.
2020-06-22T13:05:57.352192+00:00 app[web.1]: [2020-06-22 13:05:57 +0000] [11] [INFO] Finished server process [11]
2020-06-22T13:05:57.352545+00:00 app[web.1]: [2020-06-22 13:05:57 +0000] [11] [INFO] Worker exiting (pid: 11)
2020-06-22T13:05:57.569197+00:00 app[web.1]: [2020-06-22 13:05:57 +0000] [4] [INFO] Shutting down: Master
2020-06-22T13:05:57.659010+00:00 heroku[web.1]: Process exited with status 0
2020-06-22T22:33:46.572720+00:00 heroku[web.1]: Unidling
2020-06-22T22:33:46.576046+00:00 heroku[web.1]: State changed from down to starting
2020-06-22T22:33:51.075866+00:00 heroku[web.1]: Starting process with command `gunicorn app:app -w 4 -k uvicorn.workers.UvicornWorker`
2020-06-22T22:33:54.543475+00:00 app[web.1]: [2020-06-22 22:33:54 +0000] [4] [INFO] Starting gunicorn 20.0.4
2020-06-22T22:33:54.544463+00:00 app[web.1]: [2020-06-22 22:33:54 +0000] [4] [INFO] Listening at: http://0.0.0.0:29510 (4)
2020-06-22T22:33:54.544567+00:00 app[web.1]: [2020-06-22 22:33:54 +0000] [4] [INFO] Using worker: uvicorn.workers.UvicornWorker
2020-06-22T22:33:54.549997+00:00 app[web.1]: [2020-06-22 22:33:54 +0000] [10] [INFO] Booting worker with pid: 10
2020-06-22T22:33:54.622364+00:00 app[web.1]: [2020-06-22 22:33:54 +0000] [11] [INFO] Booting worker with pid: 11
2020-06-22T22:33:54.656707+00:00 app[web.1]: [2020-06-22 22:33:54 +0000] [12] [INFO] Booting worker with pid: 12
2020-06-22T22:33:54.728932+00:00 app[web.1]: [2020-06-22 22:33:54 +0000] [13] [INFO] Booting worker with pid: 13
2020-06-22T22:33:55.281614+00:00 app[web.1]: [2020-06-22 22:33:55 +0000] [12] [INFO] Started server process [12]
2020-06-22T22:33:55.281783+00:00 app[web.1]: [2020-06-22 22:33:55 +0000] [12] [INFO] Waiting for application startup.
2020-06-22T22:33:55.282242+00:00 app[web.1]: [2020-06-22 22:33:55 +0000] [12] [INFO] Application startup complete.
2020-06-22T22:33:55.292250+00:00 app[web.1]: [2020-06-22 22:33:55 +0000] [13] [INFO] Started server process [13]
2020-06-22T22:33:55.298554+00:00 app[web.1]: [2020-06-22 22:33:55 +0000] [11] [INFO] Started server process [11]
2020-06-22T22:33:55.298733+00:00 app[web.1]: [2020-06-22 22:33:55 +0000] [11] [INFO] Waiting for application startup.
2020-06-22T22:33:55.299235+00:00 app[web.1]: [2020-06-22 22:33:55 +0000] [11] [INFO] Application startup complete.
2020-06-22T22:33:55.303420+00:00 app[web.1]: [2020-06-22 22:33:55 +0000] [13] [INFO] Waiting for application startup.
2020-06-22T22:33:55.303421+00:00 app[web.1]: [2020-06-22 22:33:55 +0000] [10] [INFO] Started server process [10]
2020-06-22T22:33:55.303540+00:00 app[web.1]: [2020-06-22 22:33:55 +0000] [10] [INFO] Waiting for application startup.
2020-06-22T22:33:55.303974+00:00 app[web.1]: [2020-06-22 22:33:55 +0000] [10] [INFO] Application startup complete.
2020-06-22T22:33:55.303975+00:00 app[web.1]: [2020-06-22 22:33:55 +0000] [13] [INFO] Application startup complete.
2020-06-22T22:33:55.347895+00:00 heroku[web.1]: State changed from starting to up
2020-06-22T22:33:56.633968+00:00 heroku[router]: at=info method=GET path="/docs" host=post-it-here-data-api.herokuapp.com request_id=076279e4-6b84-4c8a-bdd3-569e5295cde6 fwd="71.236.183.178" dyno=web.1 connect=0ms service=2ms status=200 bytes=1098 protocol=https
2020-06-22T22:33:56.635347+00:00 app[web.1]: 71.236.183.178:0 - "GET /docs HTTP/1.1" 200
2020-06-22T22:33:57.337673+00:00 heroku[router]: at=info method=GET path="/openapi.json" host=post-it-here-data-api.herokuapp.com request_id=79deb365-98b0-4606-b8cd-bfc3ec58bd1d fwd="71.236.183.178" dyno=web.1 connect=1ms service=11ms status=200 bytes=1788 protocol=https
2020-06-22T22:33:57.338903+00:00 app[web.1]: 71.236.183.178:0 - "GET /openapi.json HTTP/1.1" 200
2020-06-22T22:34:27.209792+00:00 app[web.1]: 71.236.183.178:0 - "POST /api/predict HTTP/1.1" 200
2020-06-22T22:34:27.212779+00:00 heroku[router]: at=info method=POST path="/api/predict" host=post-it-here-data-api.herokuapp.com request_id=acc1e600-a0cb-48dc-ad8c-ed49031d24b4 fwd="71.236.183.178" dyno=web.1 connect=0ms service=7ms status=200 bytes=219 protocol=https
2020-06-22T23:09:50.105749+00:00 heroku[web.1]: Idling
2020-06-22T23:09:50.107655+00:00 heroku[web.1]: State changed from up to down
2020-06-22T23:09:51.530108+00:00 heroku[web.1]: Stopping all processes with SIGTERM
2020-06-22T23:09:51.622849+00:00 app[web.1]: [2020-06-22 23:09:51 +0000] [4] [INFO] Handling signal: term
2020-06-22T23:09:51.643034+00:00 app[web.1]: [2020-06-22 23:09:51 +0000] [13] [INFO] Shutting down
2020-06-22T23:09:51.645896+00:00 app[web.1]: [2020-06-22 23:09:51 +0000] [13] [INFO] Error while closing socket [Errno 9] Bad file descriptor
2020-06-22T23:09:51.650333+00:00 app[web.1]: [2020-06-22 23:09:51 +0000] [10] [INFO] Shutting down
2020-06-22T23:09:51.650838+00:00 app[web.1]: [2020-06-22 23:09:51 +0000] [10] [INFO] Error while closing socket [Errno 9] Bad file descriptor
2020-06-22T23:09:51.672549+00:00 app[web.1]: [2020-06-22 23:09:51 +0000] [12] [INFO] Shutting down
2020-06-22T23:09:51.673148+00:00 app[web.1]: [2020-06-22 23:09:51 +0000] [12] [INFO] Error while closing socket [Errno 9] Bad file descriptor
2020-06-22T23:09:51.714795+00:00 app[web.1]: [2020-06-22 23:09:51 +0000] [11] [INFO] Shutting down
2020-06-22T23:09:51.715149+00:00 app[web.1]: [2020-06-22 23:09:51 +0000] [11] [INFO] Error while closing socket [Errno 9] Bad file descriptor
2020-06-22T23:09:51.746839+00:00 app[web.1]: [2020-06-22 23:09:51 +0000] [13] [INFO] Finished server process [13]
2020-06-22T23:09:51.747213+00:00 app[web.1]: [2020-06-22 23:09:51 +0000] [13] [INFO] Worker exiting (pid: 13)
2020-06-22T23:09:51.754484+00:00 app[web.1]: [2020-06-22 23:09:51 +0000] [10] [INFO] Finished server process [10]
2020-06-22T23:09:51.755031+00:00 app[web.1]: [2020-06-22 23:09:51 +0000] [10] [INFO] Worker exiting (pid: 10)
2020-06-22T23:09:51.773743+00:00 app[web.1]: [2020-06-22 23:09:51 +0000] [12] [INFO] Finished server process [12]
2020-06-22T23:09:51.774228+00:00 app[web.1]: [2020-06-22 23:09:51 +0000] [12] [INFO] Worker exiting (pid: 12)
2020-06-22T23:09:51.823499+00:00 app[web.1]: [2020-06-22 23:09:51 +0000] [11] [INFO] Finished server process [11]
2020-06-22T23:09:51.824699+00:00 app[web.1]: [2020-06-22 23:09:51 +0000] [11] [INFO] Worker exiting (pid: 11)
2020-06-22T23:09:51.925900+00:00 app[web.1]: [2020-06-22 23:09:51 +0000] [4] [INFO] Shutting down: Master
2020-06-22T23:09:52.017134+00:00 heroku[web.1]: Process exited with status 0
2020-06-23T03:23:10.000000+00:00 app[api]: Build started by user erikseguinte@me.com
2020-06-23T03:24:06.423306+00:00 app[api]: Release v8 created by user erikseguinte@me.com
2020-06-23T03:24:06.423306+00:00 app[api]: Deploy 382fdef2 by user erikseguinte@me.com
2020-06-23T03:24:06.782830+00:00 heroku[web.1]: State changed from down to starting
2020-06-23T03:24:14.275256+00:00 heroku[web.1]: Starting process with command `gunicorn app:app -w 4 -k uvicorn.workers.UvicornWorker`
2020-06-23T03:24:16.697786+00:00 app[web.1]: [2020-06-23 03:24:16 +0000] [4] [INFO] Starting gunicorn 20.0.4
2020-06-23T03:24:16.699049+00:00 app[web.1]: [2020-06-23 03:24:16 +0000] [4] [INFO] Listening at: http://0.0.0.0:43931 (4)
2020-06-23T03:24:16.699329+00:00 app[web.1]: [2020-06-23 03:24:16 +0000] [4] [INFO] Using worker: uvicorn.workers.UvicornWorker
2020-06-23T03:24:16.705470+00:00 app[web.1]: [2020-06-23 03:24:16 +0000] [10] [INFO] Booting worker with pid: 10
2020-06-23T03:24:16.730424+00:00 app[web.1]: [2020-06-23 03:24:16 +0000] [11] [INFO] Booting worker with pid: 11
2020-06-23T03:24:16.771748+00:00 app[web.1]: [2020-06-23 03:24:16 +0000] [12] [INFO] Booting worker with pid: 12
2020-06-23T03:24:16.826363+00:00 app[web.1]: [2020-06-23 03:24:16 +0000] [13] [INFO] Booting worker with pid: 13
2020-06-23T03:24:17.109315+00:00 heroku[web.1]: State changed from starting to up
2020-06-23T03:24:17.995291+00:00 app[web.1]: [2020-06-23 03:24:17 +0000] [12] [ERROR] Exception in worker process
2020-06-23T03:24:17.995313+00:00 app[web.1]: Traceback (most recent call last):
2020-06-23T03:24:17.995314+00:00 app[web.1]: File "/app/.heroku/python/lib/python3.7/site-packages/gunicorn/arbiter.py", line 583, in spawn_worker
2020-06-23T03:24:17.995315+00:00 app[web.1]: worker.init_process()
2020-06-23T03:24:17.995315+00:00 app[web.1]: File "/app/.heroku/python/lib/python3.7/site-packages/uvicorn/workers.py", line 61, in init_process
2020-06-23T03:24:17.995315+00:00 app[web.1]: super(UvicornWorker, self).init_process()
2020-06-23T03:24:17.995316+00:00 app[web.1]: File "/app/.heroku/python/lib/python3.7/site-packages/gunicorn/workers/base.py", line 119, in init_process
2020-06-23T03:24:17.995316+00:00 app[web.1]: self.load_wsgi()
2020-06-23T03:24:17.995316+00:00 app[web.1]: File "/app/.heroku/python/lib/python3.7/site-packages/gunicorn/workers/base.py", line 144, in load_wsgi
2020-06-23T03:24:17.995317+00:00 app[web.1]: self.wsgi = self.app.wsgi()
2020-06-23T03:24:17.995317+00:00 app[web.1]: File "/app/.heroku/python/lib/python3.7/site-packages/gunicorn/app/base.py", line 67, in wsgi
2020-06-23T03:24:17.995318+00:00 app[web.1]: self.callable = self.load()
2020-06-23T03:24:17.995318+00:00 app[web.1]: File "/app/.heroku/python/lib/python3.7/site-packages/gunicorn/app/wsgiapp.py", line 49, in load
2020-06-23T03:24:17.995318+00:00 app[web.1]: return self.load_wsgiapp()
2020-06-23T03:24:17.995319+00:00 app[web.1]: File "/app/.heroku/python/lib/python3.7/site-packages/gunicorn/app/wsgiapp.py", line 39, in load_wsgiapp
2020-06-23T03:24:17.995319+00:00 app[web.1]: return util.import_app(self.app_uri)
2020-06-23T03:24:17.995319+00:00 app[web.1]: File "/app/.heroku/python/lib/python3.7/site-packages/gunicorn/util.py", line 358, in import_app
2020-06-23T03:24:17.995320+00:00 app[web.1]: mod = importlib.import_module(module)
2020-06-23T03:24:17.995320+00:00 app[web.1]: File "/app/.heroku/python/lib/python3.7/importlib/__init__.py", line 127, in import_module
2020-06-23T03:24:17.995320+00:00 app[web.1]: return _bootstrap._gcd_import(name[level:], package, level)
2020-06-23T03:24:17.995321+00:00 app[web.1]: File "<frozen importlib._bootstrap>", line 1006, in _gcd_import
2020-06-23T03:24:17.995321+00:00 app[web.1]: File "<frozen importlib._bootstrap>", line 983, in _find_and_load
2020-06-23T03:24:17.995321+00:00 app[web.1]: File "<frozen importlib._bootstrap>", line 967, in _find_and_load_unlocked
2020-06-23T03:24:17.995322+00:00 app[web.1]: File "<frozen importlib._bootstrap>", line 677, in _load_unlocked
2020-06-23T03:24:17.995322+00:00 app[web.1]: File "<frozen importlib._bootstrap_external>", line 728, in exec_module
2020-06-23T03:24:17.995322+00:00 app[web.1]: File "<frozen importlib._bootstrap>", line 219, in _call_with_frames_removed
2020-06-23T03:24:17.995323+00:00 app[web.1]: File "/app/app/__init__.py", line 3, in <module>
2020-06-23T03:24:17.995323+00:00 app[web.1]: from .routes.api_routes import  api_routes
2020-06-23T03:24:17.995323+00:00 app[web.1]: File "/app/app/routes/api_routes.py", line 4, in <module>
2020-06-23T03:24:17.995324+00:00 app[web.1]: from ..services.data_model import post_predictions
2020-06-23T03:24:17.995324+00:00 app[web.1]: File "/app/app/services/data_model.py", line 8, in <module>
2020-06-23T03:24:17.995324+00:00 app[web.1]: model = load(path)
2020-06-23T03:24:17.995324+00:00 app[web.1]: File "/app/.heroku/python/lib/python3.7/site-packages/compress_pickle/compress_pickle.py", line 304, in load
2020-06-23T03:24:17.995325+00:00 app[web.1]: **version_dependent_kwargs
2020-06-23T03:24:17.995325+00:00 app[web.1]: ModuleNotFoundError: No module named 'sklearn'
2020-06-23T03:24:17.995532+00:00 app[web.1]: [2020-06-23 03:24:17 +0000] [12] [INFO] Worker exiting (pid: 12)
2020-06-23T03:24:18.009491+00:00 app[web.1]: [2020-06-23 03:24:18 +0000] [13] [ERROR] Exception in worker process
2020-06-23T03:24:18.009494+00:00 app[web.1]: Traceback (most recent call last):
2020-06-23T03:24:18.009495+00:00 app[web.1]: File "/app/.heroku/python/lib/python3.7/site-packages/gunicorn/arbiter.py", line 583, in spawn_worker
2020-06-23T03:24:18.009496+00:00 app[web.1]: worker.init_process()
2020-06-23T03:24:18.009496+00:00 app[web.1]: File "/app/.heroku/python/lib/python3.7/site-packages/uvicorn/workers.py", line 61, in init_process
2020-06-23T03:24:18.009497+00:00 app[web.1]: super(UvicornWorker, self).init_process()
2020-06-23T03:24:18.009497+00:00 app[web.1]: File "/app/.heroku/python/lib/python3.7/site-packages/gunicorn/workers/base.py", line 119, in init_process
2020-06-23T03:24:18.009497+00:00 app[web.1]: self.load_wsgi()
2020-06-23T03:24:18.009498+00:00 app[web.1]: File "/app/.heroku/python/lib/python3.7/site-packages/gunicorn/workers/base.py", line 144, in load_wsgi
2020-06-23T03:24:18.009498+00:00 app[web.1]: self.wsgi = self.app.wsgi()
2020-06-23T03:24:18.009499+00:00 app[web.1]: File "/app/.heroku/python/lib/python3.7/site-packages/gunicorn/app/base.py", line 67, in wsgi
2020-06-23T03:24:18.009499+00:00 app[web.1]: self.callable = self.load()
2020-06-23T03:24:18.009500+00:00 app[web.1]: File "/app/.heroku/python/lib/python3.7/site-packages/gunicorn/app/wsgiapp.py", line 49, in load
2020-06-23T03:24:18.009500+00:00 app[web.1]: return self.load_wsgiapp()
2020-06-23T03:24:18.009500+00:00 app[web.1]: File "/app/.heroku/python/lib/python3.7/site-packages/gunicorn/app/wsgiapp.py", line 39, in load_wsgiapp
2020-06-23T03:24:18.009501+00:00 app[web.1]: return util.import_app(self.app_uri)
2020-06-23T03:24:18.009501+00:00 app[web.1]: File "/app/.heroku/python/lib/python3.7/site-packages/gunicorn/util.py", line 358, in import_app
2020-06-23T03:24:18.009502+00:00 app[web.1]: mod = importlib.import_module(module)
2020-06-23T03:24:18.009502+00:00 app[web.1]: File "/app/.heroku/python/lib/python3.7/importlib/__init__.py", line 127, in import_module
2020-06-23T03:24:18.009503+00:00 app[web.1]: return _bootstrap._gcd_import(name[level:], package, level)
2020-06-23T03:24:18.009503+00:00 app[web.1]: File "<frozen importlib._bootstrap>", line 1006, in _gcd_import
2020-06-23T03:24:18.009504+00:00 app[web.1]: File "<frozen importlib._bootstrap>", line 983, in _find_and_load
2020-06-23T03:24:18.009504+00:00 app[web.1]: File "<frozen importlib._bootstrap>", line 967, in _find_and_load_unlocked
2020-06-23T03:24:18.009504+00:00 app[web.1]: File "<frozen importlib._bootstrap>", line 677, in _load_unlocked
2020-06-23T03:24:18.009505+00:00 app[web.1]: File "<frozen importlib._bootstrap_external>", line 728, in exec_module
2020-06-23T03:24:18.009505+00:00 app[web.1]: File "<frozen importlib._bootstrap>", line 219, in _call_with_frames_removed
2020-06-23T03:24:18.009505+00:00 app[web.1]: File "/app/app/__init__.py", line 3, in <module>
2020-06-23T03:24:18.009506+00:00 app[web.1]: from .routes.api_routes import  api_routes
2020-06-23T03:24:18.009506+00:00 app[web.1]: File "/app/app/routes/api_routes.py", line 4, in <module>
2020-06-23T03:24:18.009506+00:00 app[web.1]: from ..services.data_model import post_predictions
2020-06-23T03:24:18.009507+00:00 app[web.1]: File "/app/app/services/data_model.py", line 8, in <module>
2020-06-23T03:24:18.009507+00:00 app[web.1]: model = load(path)
2020-06-23T03:24:18.009514+00:00 app[web.1]: File "/app/.heroku/python/lib/python3.7/site-packages/compress_pickle/compress_pickle.py", line 304, in load
2020-06-23T03:24:18.009514+00:00 app[web.1]: **version_dependent_kwargs
2020-06-23T03:24:18.009515+00:00 app[web.1]: ModuleNotFoundError: No module named 'sklearn'
2020-06-23T03:24:18.009655+00:00 app[web.1]: [2020-06-23 03:24:18 +0000] [13] [INFO] Worker exiting (pid: 13)
2020-06-23T03:24:18.053409+00:00 app[web.1]: [2020-06-23 03:24:18 +0000] [11] [ERROR] Exception in worker process
2020-06-23T03:24:18.053411+00:00 app[web.1]: Traceback (most recent call last):
2020-06-23T03:24:18.053412+00:00 app[web.1]: File "/app/.heroku/python/lib/python3.7/site-packages/gunicorn/arbiter.py", line 583, in spawn_worker
2020-06-23T03:24:18.053412+00:00 app[web.1]: worker.init_process()
2020-06-23T03:24:18.053413+00:00 app[web.1]: File "/app/.heroku/python/lib/python3.7/site-packages/uvicorn/workers.py", line 61, in init_process
2020-06-23T03:24:18.053413+00:00 app[web.1]: super(UvicornWorker, self).init_process()
2020-06-23T03:24:18.053414+00:00 app[web.1]: File "/app/.heroku/python/lib/python3.7/site-packages/gunicorn/workers/base.py", line 119, in init_process
2020-06-23T03:24:18.053414+00:00 app[web.1]: self.load_wsgi()
2020-06-23T03:24:18.053414+00:00 app[web.1]: File "/app/.heroku/python/lib/python3.7/site-packages/gunicorn/workers/base.py", line 144, in load_wsgi
2020-06-23T03:24:18.053415+00:00 app[web.1]: self.wsgi = self.app.wsgi()
2020-06-23T03:24:18.053415+00:00 app[web.1]: File "/app/.heroku/python/lib/python3.7/site-packages/gunicorn/app/base.py", line 67, in wsgi
2020-06-23T03:24:18.053416+00:00 app[web.1]: self.callable = self.load()
2020-06-23T03:24:18.053416+00:00 app[web.1]: File "/app/.heroku/python/lib/python3.7/site-packages/gunicorn/app/wsgiapp.py", line 49, in load
2020-06-23T03:24:18.053416+00:00 app[web.1]: return self.load_wsgiapp()
2020-06-23T03:24:18.053425+00:00 app[web.1]: File "/app/.heroku/python/lib/python3.7/site-packages/gunicorn/app/wsgiapp.py", line 39, in load_wsgiapp
2020-06-23T03:24:18.053426+00:00 app[web.1]: return util.import_app(self.app_uri)
2020-06-23T03:24:18.053426+00:00 app[web.1]: File "/app/.heroku/python/lib/python3.7/site-packages/gunicorn/util.py", line 358, in import_app
2020-06-23T03:24:18.053427+00:00 app[web.1]: mod = importlib.import_module(module)
2020-06-23T03:24:18.053427+00:00 app[web.1]: File "/app/.heroku/python/lib/python3.7/importlib/__init__.py", line 127, in import_module
2020-06-23T03:24:18.053427+00:00 app[web.1]: return _bootstrap._gcd_import(name[level:], package, level)
2020-06-23T03:24:18.053428+00:00 app[web.1]: File "<frozen importlib._bootstrap>", line 1006, in _gcd_import
2020-06-23T03:24:18.053428+00:00 app[web.1]: File "<frozen importlib._bootstrap>", line 983, in _find_and_load
2020-06-23T03:24:18.053428+00:00 app[web.1]: File "<frozen importlib._bootstrap>", line 967, in _find_and_load_unlocked
2020-06-23T03:24:18.053429+00:00 app[web.1]: File "<frozen importlib._bootstrap>", line 677, in _load_unlocked
2020-06-23T03:24:18.053429+00:00 app[web.1]: File "<frozen importlib._bootstrap_external>", line 728, in exec_module
2020-06-23T03:24:18.053429+00:00 app[web.1]: File "<frozen importlib._bootstrap>", line 219, in _call_with_frames_removed
2020-06-23T03:24:18.053430+00:00 app[web.1]: File "/app/app/__init__.py", line 3, in <module>
2020-06-23T03:24:18.053430+00:00 app[web.1]: from .routes.api_routes import  api_routes
2020-06-23T03:24:18.053430+00:00 app[web.1]: File "/app/app/routes/api_routes.py", line 4, in <module>
2020-06-23T03:24:18.053431+00:00 app[web.1]: from ..services.data_model import post_predictions
2020-06-23T03:24:18.053431+00:00 app[web.1]: File "/app/app/services/data_model.py", line 8, in <module>
2020-06-23T03:24:18.053431+00:00 app[web.1]: model = load(path)
2020-06-23T03:24:18.053432+00:00 app[web.1]: File "/app/.heroku/python/lib/python3.7/site-packages/compress_pickle/compress_pickle.py", line 304, in load
2020-06-23T03:24:18.053432+00:00 app[web.1]: **version_dependent_kwargs
2020-06-23T03:24:18.053432+00:00 app[web.1]: ModuleNotFoundError: No module named 'sklearn'
2020-06-23T03:24:18.053708+00:00 app[web.1]: [2020-06-23 03:24:18 +0000] [11] [INFO] Worker exiting (pid: 11)
2020-06-23T03:24:18.104188+00:00 app[web.1]: [2020-06-23 03:24:18 +0000] [10] [ERROR] Exception in worker process
2020-06-23T03:24:18.104190+00:00 app[web.1]: Traceback (most recent call last):
2020-06-23T03:24:18.104191+00:00 app[web.1]: File "/app/.heroku/python/lib/python3.7/site-packages/gunicorn/arbiter.py", line 583, in spawn_worker
2020-06-23T03:24:18.104191+00:00 app[web.1]: worker.init_process()
2020-06-23T03:24:18.104192+00:00 app[web.1]: File "/app/.heroku/python/lib/python3.7/site-packages/uvicorn/workers.py", line 61, in init_process
2020-06-23T03:24:18.104192+00:00 app[web.1]: super(UvicornWorker, self).init_process()
2020-06-23T03:24:18.104192+00:00 app[web.1]: File "/app/.heroku/python/lib/python3.7/site-packages/gunicorn/workers/base.py", line 119, in init_process
2020-06-23T03:24:18.104193+00:00 app[web.1]: self.load_wsgi()
2020-06-23T03:24:18.104193+00:00 app[web.1]: File "/app/.heroku/python/lib/python3.7/site-packages/gunicorn/workers/base.py", line 144, in load_wsgi
2020-06-23T03:24:18.104197+00:00 app[web.1]: self.wsgi = self.app.wsgi()
2020-06-23T03:24:18.104198+00:00 app[web.1]: File "/app/.heroku/python/lib/python3.7/site-packages/gunicorn/app/base.py", line 67, in wsgi
2020-06-23T03:24:18.104198+00:00 app[web.1]: self.callable = self.load()
2020-06-23T03:24:18.104199+00:00 app[web.1]: File "/app/.heroku/python/lib/python3.7/site-packages/gunicorn/app/wsgiapp.py", line 49, in load
2020-06-23T03:24:18.104199+00:00 app[web.1]: return self.load_wsgiapp()
2020-06-23T03:24:18.104200+00:00 app[web.1]: File "/app/.heroku/python/lib/python3.7/site-packages/gunicorn/app/wsgiapp.py", line 39, in load_wsgiapp
2020-06-23T03:24:18.104200+00:00 app[web.1]: return util.import_app(self.app_uri)
2020-06-23T03:24:18.104200+00:00 app[web.1]: File "/app/.heroku/python/lib/python3.7/site-packages/gunicorn/util.py", line 358, in import_app
2020-06-23T03:24:18.104201+00:00 app[web.1]: mod = importlib.import_module(module)
2020-06-23T03:24:18.104201+00:00 app[web.1]: File "/app/.heroku/python/lib/python3.7/importlib/__init__.py", line 127, in import_module
2020-06-23T03:24:18.104202+00:00 app[web.1]: return _bootstrap._gcd_import(name[level:], package, level)
2020-06-23T03:24:18.104202+00:00 app[web.1]: File "<frozen importlib._bootstrap>", line 1006, in _gcd_import
2020-06-23T03:24:18.104202+00:00 app[web.1]: File "<frozen importlib._bootstrap>", line 983, in _find_and_load
2020-06-23T03:24:18.104203+00:00 app[web.1]: File "<frozen importlib._bootstrap>", line 967, in _find_and_load_unlocked
2020-06-23T03:24:18.104203+00:00 app[web.1]: File "<frozen importlib._bootstrap>", line 677, in _load_unlocked
2020-06-23T03:24:18.104204+00:00 app[web.1]: File "<frozen importlib._bootstrap_external>", line 728, in exec_module
2020-06-23T03:24:18.104204+00:00 app[web.1]: File "<frozen importlib._bootstrap>", line 219, in _call_with_frames_removed
2020-06-23T03:24:18.104204+00:00 app[web.1]: File "/app/app/__init__.py", line 3, in <module>
2020-06-23T03:24:18.104205+00:00 app[web.1]: from .routes.api_routes import  api_routes
2020-06-23T03:24:18.104205+00:00 app[web.1]: File "/app/app/routes/api_routes.py", line 4, in <module>
2020-06-23T03:24:18.104205+00:00 app[web.1]: from ..services.data_model import post_predictions
2020-06-23T03:24:18.104206+00:00 app[web.1]: File "/app/app/services/data_model.py", line 8, in <module>
2020-06-23T03:24:18.104206+00:00 app[web.1]: model = load(path)
2020-06-23T03:24:18.104206+00:00 app[web.1]: File "/app/.heroku/python/lib/python3.7/site-packages/compress_pickle/compress_pickle.py", line 304, in load
2020-06-23T03:24:18.104207+00:00 app[web.1]: **version_dependent_kwargs
2020-06-23T03:24:18.104207+00:00 app[web.1]: ModuleNotFoundError: No module named 'sklearn'
2020-06-23T03:24:18.104453+00:00 app[web.1]: [2020-06-23 03:24:18 +0000] [10] [INFO] Worker exiting (pid: 10)
2020-06-23T03:24:18.181751+00:00 app[web.1]: Traceback (most recent call last):
2020-06-23T03:24:18.181757+00:00 app[web.1]: File "/app/.heroku/python/lib/python3.7/site-packages/gunicorn/arbiter.py", line 209, in run
2020-06-23T03:24:18.182048+00:00 app[web.1]: self.sleep()
2020-06-23T03:24:18.182054+00:00 app[web.1]: File "/app/.heroku/python/lib/python3.7/site-packages/gunicorn/arbiter.py", line 357, in sleep
2020-06-23T03:24:18.182258+00:00 app[web.1]: ready = select.select([self.PIPE[0]], [], [], 1.0)
2020-06-23T03:24:18.182261+00:00 app[web.1]: File "/app/.heroku/python/lib/python3.7/site-packages/gunicorn/arbiter.py", line 242, in handle_chld
2020-06-23T03:24:18.182413+00:00 app[web.1]: self.reap_workers()
2020-06-23T03:24:18.182429+00:00 app[web.1]: File "/app/.heroku/python/lib/python3.7/site-packages/gunicorn/arbiter.py", line 525, in reap_workers
2020-06-23T03:24:18.182637+00:00 app[web.1]: raise HaltServer(reason, self.WORKER_BOOT_ERROR)
2020-06-23T03:24:18.182696+00:00 app[web.1]: gunicorn.errors.HaltServer: <HaltServer 'Worker failed to boot.' 3>
2020-06-23T03:24:18.182699+00:00 app[web.1]: 
2020-06-23T03:24:18.182700+00:00 app[web.1]: During handling of the above exception, another exception occurred:
2020-06-23T03:24:18.182700+00:00 app[web.1]: 
2020-06-23T03:24:18.182702+00:00 app[web.1]: Traceback (most recent call last):
2020-06-23T03:24:18.182719+00:00 app[web.1]: File "/app/.heroku/python/bin/gunicorn", line 11, in <module>
2020-06-23T03:24:18.182814+00:00 app[web.1]: sys.exit(run())
2020-06-23T03:24:18.182830+00:00 app[web.1]: File "/app/.heroku/python/lib/python3.7/site-packages/gunicorn/app/wsgiapp.py", line 58, in run
2020-06-23T03:24:18.182988+00:00 app[web.1]: WSGIApplication("%(prog)s [OPTIONS] [APP_MODULE]").run()
2020-06-23T03:24:18.182990+00:00 app[web.1]: File "/app/.heroku/python/lib/python3.7/site-packages/gunicorn/app/base.py", line 228, in run
2020-06-23T03:24:18.183140+00:00 app[web.1]: super().run()
2020-06-23T03:24:18.183143+00:00 app[web.1]: File "/app/.heroku/python/lib/python3.7/site-packages/gunicorn/app/base.py", line 72, in run
2020-06-23T03:24:18.183254+00:00 app[web.1]: Arbiter(self).run()
2020-06-23T03:24:18.183270+00:00 app[web.1]: File "/app/.heroku/python/lib/python3.7/site-packages/gunicorn/arbiter.py", line 229, in run
2020-06-23T03:24:18.183405+00:00 app[web.1]: self.halt(reason=inst.reason, exit_status=inst.exit_status)
2020-06-23T03:24:18.183421+00:00 app[web.1]: File "/app/.heroku/python/lib/python3.7/site-packages/gunicorn/arbiter.py", line 342, in halt
2020-06-23T03:24:18.183589+00:00 app[web.1]: self.stop()
2020-06-23T03:24:18.183605+00:00 app[web.1]: File "/app/.heroku/python/lib/python3.7/site-packages/gunicorn/arbiter.py", line 393, in stop
2020-06-23T03:24:18.183786+00:00 app[web.1]: time.sleep(0.1)
2020-06-23T03:24:18.183802+00:00 app[web.1]: File "/app/.heroku/python/lib/python3.7/site-packages/gunicorn/arbiter.py", line 242, in handle_chld
2020-06-23T03:24:18.183982+00:00 app[web.1]: self.reap_workers()
2020-06-23T03:24:18.183982+00:00 app[web.1]: File "/app/.heroku/python/lib/python3.7/site-packages/gunicorn/arbiter.py", line 525, in reap_workers
2020-06-23T03:24:18.184181+00:00 app[web.1]: raise HaltServer(reason, self.WORKER_BOOT_ERROR)
2020-06-23T03:24:18.184216+00:00 app[web.1]: gunicorn.errors.HaltServer: <HaltServer 'Worker failed to boot.' 3>
2020-06-23T03:24:18.267879+00:00 heroku[web.1]: Process exited with status 1
2020-06-23T03:24:18.305588+00:00 heroku[web.1]: State changed from up to crashed
2020-06-23T03:24:18.308657+00:00 heroku[web.1]: State changed from crashed to starting
2020-06-23T03:24:22.000000+00:00 app[api]: Build succeeded
2020-06-23T03:24:24.103374+00:00 heroku[web.1]: Starting process with command `gunicorn app:app -w 4 -k uvicorn.workers.UvicornWorker`
2020-06-23T03:24:26.600681+00:00 app[web.1]: [2020-06-23 03:24:26 +0000] [4] [INFO] Starting gunicorn 20.0.4
2020-06-23T03:24:26.601536+00:00 app[web.1]: [2020-06-23 03:24:26 +0000] [4] [INFO] Listening at: http://0.0.0.0:49292 (4)
2020-06-23T03:24:26.601638+00:00 app[web.1]: [2020-06-23 03:24:26 +0000] [4] [INFO] Using worker: uvicorn.workers.UvicornWorker
2020-06-23T03:24:26.605908+00:00 app[web.1]: [2020-06-23 03:24:26 +0000] [10] [INFO] Booting worker with pid: 10
2020-06-23T03:24:26.628265+00:00 app[web.1]: [2020-06-23 03:24:26 +0000] [11] [INFO] Booting worker with pid: 11
2020-06-23T03:24:26.671784+00:00 app[web.1]: [2020-06-23 03:24:26 +0000] [12] [INFO] Booting worker with pid: 12
2020-06-23T03:24:26.753157+00:00 app[web.1]: [2020-06-23 03:24:26 +0000] [13] [INFO] Booting worker with pid: 13
2020-06-23T03:24:27.037695+00:00 heroku[web.1]: State changed from starting to up
2020-06-23T03:24:27.566777+00:00 app[web.1]: [2020-06-23 03:24:27 +0000] [10] [ERROR] Exception in worker process
2020-06-23T03:24:27.566818+00:00 app[web.1]: Traceback (most recent call last):
2020-06-23T03:24:27.566819+00:00 app[web.1]: File "/app/.heroku/python/lib/python3.7/site-packages/gunicorn/arbiter.py", line 583, in spawn_worker
2020-06-23T03:24:27.566821+00:00 app[web.1]: worker.init_process()
2020-06-23T03:24:27.566821+00:00 app[web.1]: File "/app/.heroku/python/lib/python3.7/site-packages/uvicorn/workers.py", line 61, in init_process
2020-06-23T03:24:27.566821+00:00 app[web.1]: super(UvicornWorker, self).init_process()
2020-06-23T03:24:27.566822+00:00 app[web.1]: File "/app/.heroku/python/lib/python3.7/site-packages/gunicorn/workers/base.py", line 119, in init_process
2020-06-23T03:24:27.566822+00:00 app[web.1]: self.load_wsgi()
2020-06-23T03:24:27.566822+00:00 app[web.1]: File "/app/.heroku/python/lib/python3.7/site-packages/gunicorn/workers/base.py", line 144, in load_wsgi
2020-06-23T03:24:27.566823+00:00 app[web.1]: self.wsgi = self.app.wsgi()
2020-06-23T03:24:27.566823+00:00 app[web.1]: File "/app/.heroku/python/lib/python3.7/site-packages/gunicorn/app/base.py", line 67, in wsgi
2020-06-23T03:24:27.566824+00:00 app[web.1]: self.callable = self.load()
2020-06-23T03:24:27.566824+00:00 app[web.1]: File "/app/.heroku/python/lib/python3.7/site-packages/gunicorn/app/wsgiapp.py", line 49, in load
2020-06-23T03:24:27.566824+00:00 app[web.1]: return self.load_wsgiapp()
2020-06-23T03:24:27.566824+00:00 app[web.1]: File "/app/.heroku/python/lib/python3.7/site-packages/gunicorn/app/wsgiapp.py", line 39, in load_wsgiapp
2020-06-23T03:24:27.566825+00:00 app[web.1]: return util.import_app(self.app_uri)
2020-06-23T03:24:27.566825+00:00 app[web.1]: File "/app/.heroku/python/lib/python3.7/site-packages/gunicorn/util.py", line 358, in import_app
2020-06-23T03:24:27.566829+00:00 app[web.1]: mod = importlib.import_module(module)
2020-06-23T03:24:27.566829+00:00 app[web.1]: File "/app/.heroku/python/lib/python3.7/importlib/__init__.py", line 127, in import_module
2020-06-23T03:24:27.566830+00:00 app[web.1]: return _bootstrap._gcd_import(name[level:], package, level)
2020-06-23T03:24:27.566830+00:00 app[web.1]: File "<frozen importlib._bootstrap>", line 1006, in _gcd_import
2020-06-23T03:24:27.566830+00:00 app[web.1]: File "<frozen importlib._bootstrap>", line 983, in _find_and_load
2020-06-23T03:24:27.566831+00:00 app[web.1]: File "<frozen importlib._bootstrap>", line 967, in _find_and_load_unlocked
2020-06-23T03:24:27.566831+00:00 app[web.1]: File "<frozen importlib._bootstrap>", line 677, in _load_unlocked
2020-06-23T03:24:27.566831+00:00 app[web.1]: File "<frozen importlib._bootstrap_external>", line 728, in exec_module
2020-06-23T03:24:27.566832+00:00 app[web.1]: File "<frozen importlib._bootstrap>", line 219, in _call_with_frames_removed
2020-06-23T03:24:27.566832+00:00 app[web.1]: File "/app/app/__init__.py", line 3, in <module>
2020-06-23T03:24:27.566832+00:00 app[web.1]: from .routes.api_routes import  api_routes
2020-06-23T03:24:27.566832+00:00 app[web.1]: File "/app/app/routes/api_routes.py", line 4, in <module>
2020-06-23T03:24:27.566833+00:00 app[web.1]: from ..services.data_model import post_predictions
2020-06-23T03:24:27.566833+00:00 app[web.1]: File "/app/app/services/data_model.py", line 8, in <module>
2020-06-23T03:24:27.566833+00:00 app[web.1]: model = load(path)
2020-06-23T03:24:27.566838+00:00 app[web.1]: File "/app/.heroku/python/lib/python3.7/site-packages/compress_pickle/compress_pickle.py", line 304, in load
2020-06-23T03:24:27.566838+00:00 app[web.1]: **version_dependent_kwargs
2020-06-23T03:24:27.566838+00:00 app[web.1]: ModuleNotFoundError: No module named 'sklearn'
2020-06-23T03:24:27.567013+00:00 app[web.1]: [2020-06-23 03:24:27 +0000] [10] [INFO] Worker exiting (pid: 10)
2020-06-23T03:24:27.577369+00:00 app[web.1]: [2020-06-23 03:24:27 +0000] [12] [ERROR] Exception in worker process
2020-06-23T03:24:27.577371+00:00 app[web.1]: Traceback (most recent call last):
2020-06-23T03:24:27.577372+00:00 app[web.1]: File "/app/.heroku/python/lib/python3.7/site-packages/gunicorn/arbiter.py", line 583, in spawn_worker
2020-06-23T03:24:27.577372+00:00 app[web.1]: worker.init_process()
2020-06-23T03:24:27.577373+00:00 app[web.1]: File "/app/.heroku/python/lib/python3.7/site-packages/uvicorn/workers.py", line 61, in init_process
2020-06-23T03:24:27.577373+00:00 app[web.1]: super(UvicornWorker, self).init_process()
2020-06-23T03:24:27.577374+00:00 app[web.1]: File "/app/.heroku/python/lib/python3.7/site-packages/gunicorn/workers/base.py", line 119, in init_process
2020-06-23T03:24:27.577374+00:00 app[web.1]: self.load_wsgi()
2020-06-23T03:24:27.577374+00:00 app[web.1]: File "/app/.heroku/python/lib/python3.7/site-packages/gunicorn/workers/base.py", line 144, in load_wsgi
2020-06-23T03:24:27.577375+00:00 app[web.1]: self.wsgi = self.app.wsgi()
2020-06-23T03:24:27.577375+00:00 app[web.1]: File "/app/.heroku/python/lib/python3.7/site-packages/gunicorn/app/base.py", line 67, in wsgi
2020-06-23T03:24:27.577376+00:00 app[web.1]: self.callable = self.load()
2020-06-23T03:24:27.577376+00:00 app[web.1]: File "/app/.heroku/python/lib/python3.7/site-packages/gunicorn/app/wsgiapp.py", line 49, in load
2020-06-23T03:24:27.577376+00:00 app[web.1]: return self.load_wsgiapp()
2020-06-23T03:24:27.577377+00:00 app[web.1]: File "/app/.heroku/python/lib/python3.7/site-packages/gunicorn/app/wsgiapp.py", line 39, in load_wsgiapp
2020-06-23T03:24:27.577377+00:00 app[web.1]: return util.import_app(self.app_uri)
2020-06-23T03:24:27.577377+00:00 app[web.1]: File "/app/.heroku/python/lib/python3.7/site-packages/gunicorn/util.py", line 358, in import_app
2020-06-23T03:24:27.577378+00:00 app[web.1]: mod = importlib.import_module(module)
2020-06-23T03:24:27.577378+00:00 app[web.1]: File "/app/.heroku/python/lib/python3.7/importlib/__init__.py", line 127, in import_module
2020-06-23T03:24:27.577379+00:00 app[web.1]: return _bootstrap._gcd_import(name[level:], package, level)
2020-06-23T03:24:27.577383+00:00 app[web.1]: File "<frozen importlib._bootstrap>", line 1006, in _gcd_import
2020-06-23T03:24:27.577383+00:00 app[web.1]: File "<frozen importlib._bootstrap>", line 983, in _find_and_load
2020-06-23T03:24:27.577383+00:00 app[web.1]: File "<frozen importlib._bootstrap>", line 967, in _find_and_load_unlocked
2020-06-23T03:24:27.577384+00:00 app[web.1]: File "<frozen importlib._bootstrap>", line 677, in _load_unlocked
2020-06-23T03:24:27.577384+00:00 app[web.1]: File "<frozen importlib._bootstrap_external>", line 728, in exec_module
2020-06-23T03:24:27.577385+00:00 app[web.1]: File "<frozen importlib._bootstrap>", line 219, in _call_with_frames_removed
2020-06-23T03:24:27.577385+00:00 app[web.1]: File "/app/app/__init__.py", line 3, in <module>
2020-06-23T03:24:27.577385+00:00 app[web.1]: from .routes.api_routes import  api_routes
2020-06-23T03:24:27.577386+00:00 app[web.1]: File "/app/app/routes/api_routes.py", line 4, in <module>
2020-06-23T03:24:27.577386+00:00 app[web.1]: from ..services.data_model import post_predictions
2020-06-23T03:24:27.577386+00:00 app[web.1]: File "/app/app/services/data_model.py", line 8, in <module>
2020-06-23T03:24:27.577387+00:00 app[web.1]: model = load(path)
2020-06-23T03:24:27.577387+00:00 app[web.1]: File "/app/.heroku/python/lib/python3.7/site-packages/compress_pickle/compress_pickle.py", line 304, in load
2020-06-23T03:24:27.577388+00:00 app[web.1]: **version_dependent_kwargs
2020-06-23T03:24:27.577388+00:00 app[web.1]: ModuleNotFoundError: No module named 'sklearn'
2020-06-23T03:24:27.577646+00:00 app[web.1]: [2020-06-23 03:24:27 +0000] [12] [INFO] Worker exiting (pid: 12)
2020-06-23T03:24:27.594292+00:00 app[web.1]: [2020-06-23 03:24:27 +0000] [11] [ERROR] Exception in worker process
2020-06-23T03:24:27.594294+00:00 app[web.1]: Traceback (most recent call last):
2020-06-23T03:24:27.594295+00:00 app[web.1]: File "/app/.heroku/python/lib/python3.7/site-packages/gunicorn/arbiter.py", line 583, in spawn_worker
2020-06-23T03:24:27.594296+00:00 app[web.1]: worker.init_process()
2020-06-23T03:24:27.594296+00:00 app[web.1]: File "/app/.heroku/python/lib/python3.7/site-packages/uvicorn/workers.py", line 61, in init_process
2020-06-23T03:24:27.594297+00:00 app[web.1]: super(UvicornWorker, self).init_process()
2020-06-23T03:24:27.594297+00:00 app[web.1]: File "/app/.heroku/python/lib/python3.7/site-packages/gunicorn/workers/base.py", line 119, in init_process
2020-06-23T03:24:27.594297+00:00 app[web.1]: self.load_wsgi()
2020-06-23T03:24:27.594298+00:00 app[web.1]: File "/app/.heroku/python/lib/python3.7/site-packages/gunicorn/workers/base.py", line 144, in load_wsgi
2020-06-23T03:24:27.594303+00:00 app[web.1]: self.wsgi = self.app.wsgi()
2020-06-23T03:24:27.594304+00:00 app[web.1]: File "/app/.heroku/python/lib/python3.7/site-packages/gunicorn/app/base.py", line 67, in wsgi
2020-06-23T03:24:27.594304+00:00 app[web.1]: self.callable = self.load()
2020-06-23T03:24:27.594305+00:00 app[web.1]: File "/app/.heroku/python/lib/python3.7/site-packages/gunicorn/app/wsgiapp.py", line 49, in load
2020-06-23T03:24:27.594305+00:00 app[web.1]: return self.load_wsgiapp()
2020-06-23T03:24:27.594314+00:00 app[web.1]: File "/app/.heroku/python/lib/python3.7/site-packages/gunicorn/app/wsgiapp.py", line 39, in load_wsgiapp
2020-06-23T03:24:27.594315+00:00 app[web.1]: return util.import_app(self.app_uri)
2020-06-23T03:24:27.594315+00:00 app[web.1]: File "/app/.heroku/python/lib/python3.7/site-packages/gunicorn/util.py", line 358, in import_app
2020-06-23T03:24:27.594315+00:00 app[web.1]: mod = importlib.import_module(module)
2020-06-23T03:24:27.594315+00:00 app[web.1]: File "/app/.heroku/python/lib/python3.7/importlib/__init__.py", line 127, in import_module
2020-06-23T03:24:27.594316+00:00 app[web.1]: return _bootstrap._gcd_import(name[level:], package, level)
2020-06-23T03:24:27.594316+00:00 app[web.1]: File "<frozen importlib._bootstrap>", line 1006, in _gcd_import
2020-06-23T03:24:27.594317+00:00 app[web.1]: File "<frozen importlib._bootstrap>", line 983, in _find_and_load
2020-06-23T03:24:27.594317+00:00 app[web.1]: File "<frozen importlib._bootstrap>", line 967, in _find_and_load_unlocked
2020-06-23T03:24:27.594317+00:00 app[web.1]: File "<frozen importlib._bootstrap>", line 677, in _load_unlocked
2020-06-23T03:24:27.594318+00:00 app[web.1]: File "<frozen importlib._bootstrap_external>", line 728, in exec_module
2020-06-23T03:24:27.594318+00:00 app[web.1]: File "<frozen importlib._bootstrap>", line 219, in _call_with_frames_removed
2020-06-23T03:24:27.594318+00:00 app[web.1]: File "/app/app/__init__.py", line 3, in <module>
2020-06-23T03:24:27.594319+00:00 app[web.1]: from .routes.api_routes import  api_routes
2020-06-23T03:24:27.594319+00:00 app[web.1]: File "/app/app/routes/api_routes.py", line 4, in <module>
2020-06-23T03:24:27.594319+00:00 app[web.1]: from ..services.data_model import post_predictions
2020-06-23T03:24:27.594320+00:00 app[web.1]: File "/app/app/services/data_model.py", line 8, in <module>
2020-06-23T03:24:27.594320+00:00 app[web.1]: model = load(path)
2020-06-23T03:24:27.594320+00:00 app[web.1]: File "/app/.heroku/python/lib/python3.7/site-packages/compress_pickle/compress_pickle.py", line 304, in load
2020-06-23T03:24:27.594321+00:00 app[web.1]: **version_dependent_kwargs
2020-06-23T03:24:27.594321+00:00 app[web.1]: ModuleNotFoundError: No module named 'sklearn'
2020-06-23T03:24:27.594551+00:00 app[web.1]: [2020-06-23 03:24:27 +0000] [11] [INFO] Worker exiting (pid: 11)
2020-06-23T03:24:27.729874+00:00 app[web.1]: [2020-06-23 03:24:27 +0000] [13] [ERROR] Exception in worker process
2020-06-23T03:24:27.729875+00:00 app[web.1]: Traceback (most recent call last):
2020-06-23T03:24:27.729876+00:00 app[web.1]: File "/app/.heroku/python/lib/python3.7/site-packages/gunicorn/arbiter.py", line 583, in spawn_worker
2020-06-23T03:24:27.729877+00:00 app[web.1]: worker.init_process()
2020-06-23T03:24:27.729877+00:00 app[web.1]: File "/app/.heroku/python/lib/python3.7/site-packages/uvicorn/workers.py", line 61, in init_process
2020-06-23T03:24:27.729878+00:00 app[web.1]: super(UvicornWorker, self).init_process()
2020-06-23T03:24:27.729878+00:00 app[web.1]: File "/app/.heroku/python/lib/python3.7/site-packages/gunicorn/workers/base.py", line 119, in init_process
2020-06-23T03:24:27.729884+00:00 app[web.1]: self.load_wsgi()
2020-06-23T03:24:27.729884+00:00 app[web.1]: File "/app/.heroku/python/lib/python3.7/site-packages/gunicorn/workers/base.py", line 144, in load_wsgi
2020-06-23T03:24:27.729885+00:00 app[web.1]: self.wsgi = self.app.wsgi()
2020-06-23T03:24:27.729885+00:00 app[web.1]: File "/app/.heroku/python/lib/python3.7/site-packages/gunicorn/app/base.py", line 67, in wsgi
2020-06-23T03:24:27.729886+00:00 app[web.1]: self.callable = self.load()
2020-06-23T03:24:27.729886+00:00 app[web.1]: File "/app/.heroku/python/lib/python3.7/site-packages/gunicorn/app/wsgiapp.py", line 49, in load
2020-06-23T03:24:27.729886+00:00 app[web.1]: return self.load_wsgiapp()
2020-06-23T03:24:27.729886+00:00 app[web.1]: File "/app/.heroku/python/lib/python3.7/site-packages/gunicorn/app/wsgiapp.py", line 39, in load_wsgiapp
2020-06-23T03:24:27.729887+00:00 app[web.1]: return util.import_app(self.app_uri)
2020-06-23T03:24:27.729887+00:00 app[web.1]: File "/app/.heroku/python/lib/python3.7/site-packages/gunicorn/util.py", line 358, in import_app
2020-06-23T03:24:27.729887+00:00 app[web.1]: mod = importlib.import_module(module)
2020-06-23T03:24:27.729887+00:00 app[web.1]: File "/app/.heroku/python/lib/python3.7/importlib/__init__.py", line 127, in import_module
2020-06-23T03:24:27.729888+00:00 app[web.1]: return _bootstrap._gcd_import(name[level:], package, level)
2020-06-23T03:24:27.729888+00:00 app[web.1]: File "<frozen importlib._bootstrap>", line 1006, in _gcd_import
2020-06-23T03:24:27.729889+00:00 app[web.1]: File "<frozen importlib._bootstrap>", line 983, in _find_and_load
2020-06-23T03:24:27.729889+00:00 app[web.1]: File "<frozen importlib._bootstrap>", line 967, in _find_and_load_unlocked
2020-06-23T03:24:27.729889+00:00 app[web.1]: File "<frozen importlib._bootstrap>", line 677, in _load_unlocked
2020-06-23T03:24:27.729889+00:00 app[web.1]: File "<frozen importlib._bootstrap_external>", line 728, in exec_module
2020-06-23T03:24:27.729890+00:00 app[web.1]: File "<frozen importlib._bootstrap>", line 219, in _call_with_frames_removed
2020-06-23T03:24:27.729890+00:00 app[web.1]: File "/app/app/__init__.py", line 3, in <module>
2020-06-23T03:24:27.729890+00:00 app[web.1]: from .routes.api_routes import  api_routes
2020-06-23T03:24:27.729890+00:00 app[web.1]: File "/app/app/routes/api_routes.py", line 4, in <module>
2020-06-23T03:24:27.729891+00:00 app[web.1]: from ..services.data_model import post_predictions
2020-06-23T03:24:27.729891+00:00 app[web.1]: File "/app/app/services/data_model.py", line 8, in <module>
2020-06-23T03:24:27.729891+00:00 app[web.1]: model = load(path)
2020-06-23T03:24:27.729891+00:00 app[web.1]: File "/app/.heroku/python/lib/python3.7/site-packages/compress_pickle/compress_pickle.py", line 304, in load
2020-06-23T03:24:27.729892+00:00 app[web.1]: **version_dependent_kwargs
2020-06-23T03:24:27.729892+00:00 app[web.1]: ModuleNotFoundError: No module named 'sklearn'
2020-06-23T03:24:27.730074+00:00 app[web.1]: [2020-06-23 03:24:27 +0000] [13] [INFO] Worker exiting (pid: 13)
2020-06-23T03:24:27.803727+00:00 app[web.1]: Traceback (most recent call last):
2020-06-23T03:24:27.803734+00:00 app[web.1]: File "/app/.heroku/python/lib/python3.7/site-packages/gunicorn/arbiter.py", line 209, in run
2020-06-23T03:24:27.804170+00:00 app[web.1]: self.sleep()
2020-06-23T03:24:27.804199+00:00 app[web.1]: File "/app/.heroku/python/lib/python3.7/site-packages/gunicorn/arbiter.py", line 357, in sleep
2020-06-23T03:24:27.804576+00:00 app[web.1]: ready = select.select([self.PIPE[0]], [], [], 1.0)
2020-06-23T03:24:27.804580+00:00 app[web.1]: File "/app/.heroku/python/lib/python3.7/site-packages/gunicorn/arbiter.py", line 242, in handle_chld
2020-06-23T03:24:27.804839+00:00 app[web.1]: self.reap_workers()
2020-06-23T03:24:27.804843+00:00 app[web.1]: File "/app/.heroku/python/lib/python3.7/site-packages/gunicorn/arbiter.py", line 525, in reap_workers
2020-06-23T03:24:27.805240+00:00 app[web.1]: raise HaltServer(reason, self.WORKER_BOOT_ERROR)
2020-06-23T03:24:27.805393+00:00 app[web.1]: gunicorn.errors.HaltServer: <HaltServer 'Worker failed to boot.' 3>
2020-06-23T03:24:27.805394+00:00 app[web.1]: 
2020-06-23T03:24:27.805394+00:00 app[web.1]: During handling of the above exception, another exception occurred:
2020-06-23T03:24:27.805394+00:00 app[web.1]: 
2020-06-23T03:24:27.805418+00:00 app[web.1]: Traceback (most recent call last):
2020-06-23T03:24:27.805421+00:00 app[web.1]: File "/app/.heroku/python/bin/gunicorn", line 11, in <module>
2020-06-23T03:24:27.805636+00:00 app[web.1]: sys.exit(run())
2020-06-23T03:24:27.805637+00:00 app[web.1]: File "/app/.heroku/python/lib/python3.7/site-packages/gunicorn/app/wsgiapp.py", line 58, in run
2020-06-23T03:24:27.805801+00:00 app[web.1]: WSGIApplication("%(prog)s [OPTIONS] [APP_MODULE]").run()
2020-06-23T03:24:27.805806+00:00 app[web.1]: File "/app/.heroku/python/lib/python3.7/site-packages/gunicorn/app/base.py", line 228, in run
2020-06-23T03:24:27.805984+00:00 app[web.1]: super().run()
2020-06-23T03:24:27.805985+00:00 app[web.1]: File "/app/.heroku/python/lib/python3.7/site-packages/gunicorn/app/base.py", line 72, in run
2020-06-23T03:24:27.806088+00:00 app[web.1]: Arbiter(self).run()
2020-06-23T03:24:27.806104+00:00 app[web.1]: File "/app/.heroku/python/lib/python3.7/site-packages/gunicorn/arbiter.py", line 229, in run
2020-06-23T03:24:27.806247+00:00 app[web.1]: self.halt(reason=inst.reason, exit_status=inst.exit_status)
2020-06-23T03:24:27.806249+00:00 app[web.1]: File "/app/.heroku/python/lib/python3.7/site-packages/gunicorn/arbiter.py", line 342, in halt
2020-06-23T03:24:27.806434+00:00 app[web.1]: self.stop()
2020-06-23T03:24:27.806437+00:00 app[web.1]: File "/app/.heroku/python/lib/python3.7/site-packages/gunicorn/arbiter.py", line 393, in stop
2020-06-23T03:24:27.806631+00:00 app[web.1]: time.sleep(0.1)
2020-06-23T03:24:27.806633+00:00 app[web.1]: File "/app/.heroku/python/lib/python3.7/site-packages/gunicorn/arbiter.py", line 242, in handle_chld
2020-06-23T03:24:27.806788+00:00 app[web.1]: self.reap_workers()
2020-06-23T03:24:27.806792+00:00 app[web.1]: File "/app/.heroku/python/lib/python3.7/site-packages/gunicorn/arbiter.py", line 525, in reap_workers
2020-06-23T03:24:27.807007+00:00 app[web.1]: raise HaltServer(reason, self.WORKER_BOOT_ERROR)
2020-06-23T03:24:27.807049+00:00 app[web.1]: gunicorn.errors.HaltServer: <HaltServer 'Worker failed to boot.' 3>
2020-06-23T03:24:27.896129+00:00 heroku[web.1]: Process exited with status 1
2020-06-23T03:24:27.935340+00:00 heroku[web.1]: State changed from up to crashed
2020-06-23T03:24:46.302266+00:00 heroku[router]: at=error code=H10 desc="App crashed" method=GET path="/" host=post-it-here-data-api.herokuapp.com request_id=b882b130-7dd2-4b1e-8426-18707a836a51 fwd="73.235.213.252" dyno= connect= service= status=503 bytes= protocol=https
2020-06-23T03:25:22.032572+00:00 heroku[router]: at=error code=H10 desc="App crashed" method=GET path="/" host=post-it-here-data-api.herokuapp.com request_id=7cabc502-3b6c-43cf-b2a0-5f3aa41ac247 fwd="73.235.213.252" dyno= connect= service= status=503 bytes= protocol=https
2020-06-23T03:25:59.991721+00:00 app[api]: Starting process with command `shell` by user erikseguinte@me.com
2020-06-23T03:26:06.830784+00:00 heroku[run.7512]: State changed from starting to up
2020-06-23T03:26:06.909624+00:00 heroku[run.7512]: Awaiting client
2020-06-23T03:26:06.951399+00:00 heroku[run.7512]: Starting process with command `shell`
2020-06-23T03:26:12.102029+00:00 heroku[run.7512]: Process exited with status 127
2020-06-23T03:26:12.142285+00:00 heroku[run.7512]: State changed from up to complete
2020-06-23T03:27:15.983412+00:00 heroku[web.1]: State changed from crashed to starting
2020-06-23T03:27:22.342448+00:00 heroku[web.1]: Starting process with command `gunicorn app:app -w 4 -k uvicorn.workers.UvicornWorker`
2020-06-23T03:27:24.528187+00:00 app[web.1]: [2020-06-23 03:27:24 +0000] [4] [INFO] Starting gunicorn 20.0.4
2020-06-23T03:27:24.528904+00:00 app[web.1]: [2020-06-23 03:27:24 +0000] [4] [INFO] Listening at: http://0.0.0.0:21261 (4)
2020-06-23T03:27:24.528994+00:00 app[web.1]: [2020-06-23 03:27:24 +0000] [4] [INFO] Using worker: uvicorn.workers.UvicornWorker
2020-06-23T03:27:24.533243+00:00 app[web.1]: [2020-06-23 03:27:24 +0000] [10] [INFO] Booting worker with pid: 10
2020-06-23T03:27:24.593166+00:00 app[web.1]: [2020-06-23 03:27:24 +0000] [11] [INFO] Booting worker with pid: 11
2020-06-23T03:27:24.647035+00:00 app[web.1]: [2020-06-23 03:27:24 +0000] [12] [INFO] Booting worker with pid: 12
2020-06-23T03:27:24.703035+00:00 app[web.1]: [2020-06-23 03:27:24 +0000] [13] [INFO] Booting worker with pid: 13
2020-06-23T03:27:24.966878+00:00 heroku[web.1]: State changed from starting to up
2020-06-23T03:27:25.299362+00:00 app[web.1]: [2020-06-23 03:27:25 +0000] [10] [ERROR] Exception in worker process
2020-06-23T03:27:25.299379+00:00 app[web.1]: Traceback (most recent call last):
2020-06-23T03:27:25.299380+00:00 app[web.1]: File "/app/.heroku/python/lib/python3.7/site-packages/gunicorn/arbiter.py", line 583, in spawn_worker
2020-06-23T03:27:25.299381+00:00 app[web.1]: worker.init_process()
2020-06-23T03:27:25.299381+00:00 app[web.1]: File "/app/.heroku/python/lib/python3.7/site-packages/uvicorn/workers.py", line 61, in init_process
2020-06-23T03:27:25.299381+00:00 app[web.1]: super(UvicornWorker, self).init_process()
2020-06-23T03:27:25.299382+00:00 app[web.1]: File "/app/.heroku/python/lib/python3.7/site-packages/gunicorn/workers/base.py", line 119, in init_process
2020-06-23T03:27:25.299382+00:00 app[web.1]: self.load_wsgi()
2020-06-23T03:27:25.299382+00:00 app[web.1]: File "/app/.heroku/python/lib/python3.7/site-packages/gunicorn/workers/base.py", line 144, in load_wsgi
2020-06-23T03:27:25.299383+00:00 app[web.1]: self.wsgi = self.app.wsgi()
2020-06-23T03:27:25.299384+00:00 app[web.1]: File "/app/.heroku/python/lib/python3.7/site-packages/gunicorn/app/base.py", line 67, in wsgi
2020-06-23T03:27:25.299384+00:00 app[web.1]: self.callable = self.load()
2020-06-23T03:27:25.299384+00:00 app[web.1]: File "/app/.heroku/python/lib/python3.7/site-packages/gunicorn/app/wsgiapp.py", line 49, in load
2020-06-23T03:27:25.299385+00:00 app[web.1]: return self.load_wsgiapp()
2020-06-23T03:27:25.299385+00:00 app[web.1]: File "/app/.heroku/python/lib/python3.7/site-packages/gunicorn/app/wsgiapp.py", line 39, in load_wsgiapp
2020-06-23T03:27:25.299386+00:00 app[web.1]: return util.import_app(self.app_uri)
2020-06-23T03:27:25.299386+00:00 app[web.1]: File "/app/.heroku/python/lib/python3.7/site-packages/gunicorn/util.py", line 358, in import_app
2020-06-23T03:27:25.299386+00:00 app[web.1]: mod = importlib.import_module(module)
2020-06-23T03:27:25.299387+00:00 app[web.1]: File "/app/.heroku/python/lib/python3.7/importlib/__init__.py", line 127, in import_module
2020-06-23T03:27:25.299388+00:00 app[web.1]: return _bootstrap._gcd_import(name[level:], package, level)
2020-06-23T03:27:25.299389+00:00 app[web.1]: File "<frozen importlib._bootstrap>", line 1006, in _gcd_import
2020-06-23T03:27:25.299389+00:00 app[web.1]: File "<frozen importlib._bootstrap>", line 983, in _find_and_load
2020-06-23T03:27:25.299390+00:00 app[web.1]: File "<frozen importlib._bootstrap>", line 967, in _find_and_load_unlocked
2020-06-23T03:27:25.299390+00:00 app[web.1]: File "<frozen importlib._bootstrap>", line 677, in _load_unlocked
2020-06-23T03:27:25.299390+00:00 app[web.1]: File "<frozen importlib._bootstrap_external>", line 728, in exec_module
2020-06-23T03:27:25.299391+00:00 app[web.1]: File "<frozen importlib._bootstrap>", line 219, in _call_with_frames_removed
2020-06-23T03:27:25.299391+00:00 app[web.1]: File "/app/app/__init__.py", line 3, in <module>
2020-06-23T03:27:25.299392+00:00 app[web.1]: from .routes.api_routes import  api_routes
2020-06-23T03:27:25.299392+00:00 app[web.1]: File "/app/app/routes/api_routes.py", line 4, in <module>
2020-06-23T03:27:25.299392+00:00 app[web.1]: from ..services.data_model import post_predictions
2020-06-23T03:27:25.299393+00:00 app[web.1]: File "/app/app/services/data_model.py", line 8, in <module>
2020-06-23T03:27:25.299393+00:00 app[web.1]: model = load(path)
2020-06-23T03:27:25.299393+00:00 app[web.1]: File "/app/.heroku/python/lib/python3.7/site-packages/compress_pickle/compress_pickle.py", line 304, in load
2020-06-23T03:27:25.299394+00:00 app[web.1]: **version_dependent_kwargs
2020-06-23T03:27:25.299394+00:00 app[web.1]: ModuleNotFoundError: No module named 'sklearn'
2020-06-23T03:27:25.299520+00:00 app[web.1]: [2020-06-23 03:27:25 +0000] [10] [INFO] Worker exiting (pid: 10)
2020-06-23T03:27:25.303916+00:00 app[web.1]: [2020-06-23 03:27:25 +0000] [11] [ERROR] Exception in worker process
2020-06-23T03:27:25.303917+00:00 app[web.1]: Traceback (most recent call last):
2020-06-23T03:27:25.303917+00:00 app[web.1]: File "/app/.heroku/python/lib/python3.7/site-packages/gunicorn/arbiter.py", line 583, in spawn_worker
2020-06-23T03:27:25.303918+00:00 app[web.1]: worker.init_process()
2020-06-23T03:27:25.303918+00:00 app[web.1]: File "/app/.heroku/python/lib/python3.7/site-packages/uvicorn/workers.py", line 61, in init_process
2020-06-23T03:27:25.303919+00:00 app[web.1]: super(UvicornWorker, self).init_process()
2020-06-23T03:27:25.303919+00:00 app[web.1]: File "/app/.heroku/python/lib/python3.7/site-packages/gunicorn/workers/base.py", line 119, in init_process
2020-06-23T03:27:25.303920+00:00 app[web.1]: self.load_wsgi()
2020-06-23T03:27:25.303920+00:00 app[web.1]: File "/app/.heroku/python/lib/python3.7/site-packages/gunicorn/workers/base.py", line 144, in load_wsgi
2020-06-23T03:27:25.303920+00:00 app[web.1]: self.wsgi = self.app.wsgi()
2020-06-23T03:27:25.303921+00:00 app[web.1]: File "/app/.heroku/python/lib/python3.7/site-packages/gunicorn/app/base.py", line 67, in wsgi
2020-06-23T03:27:25.303921+00:00 app[web.1]: self.callable = self.load()
2020-06-23T03:27:25.303922+00:00 app[web.1]: File "/app/.heroku/python/lib/python3.7/site-packages/gunicorn/app/wsgiapp.py", line 49, in load
2020-06-23T03:27:25.303922+00:00 app[web.1]: return self.load_wsgiapp()
2020-06-23T03:27:25.303922+00:00 app[web.1]: File "/app/.heroku/python/lib/python3.7/site-packages/gunicorn/app/wsgiapp.py", line 39, in load_wsgiapp
2020-06-23T03:27:25.303923+00:00 app[web.1]: return util.import_app(self.app_uri)
2020-06-23T03:27:25.303923+00:00 app[web.1]: File "/app/.heroku/python/lib/python3.7/site-packages/gunicorn/util.py", line 358, in import_app
2020-06-23T03:27:25.303924+00:00 app[web.1]: mod = importlib.import_module(module)
2020-06-23T03:27:25.303924+00:00 app[web.1]: File "/app/.heroku/python/lib/python3.7/importlib/__init__.py", line 127, in import_module
2020-06-23T03:27:25.303924+00:00 app[web.1]: return _bootstrap._gcd_import(name[level:], package, level)
2020-06-23T03:27:25.303925+00:00 app[web.1]: File "<frozen importlib._bootstrap>", line 1006, in _gcd_import
2020-06-23T03:27:25.303926+00:00 app[web.1]: File "<frozen importlib._bootstrap>", line 983, in _find_and_load
2020-06-23T03:27:25.303926+00:00 app[web.1]: File "<frozen importlib._bootstrap>", line 967, in _find_and_load_unlocked
2020-06-23T03:27:25.303927+00:00 app[web.1]: File "<frozen importlib._bootstrap>", line 677, in _load_unlocked
2020-06-23T03:27:25.303927+00:00 app[web.1]: File "<frozen importlib._bootstrap_external>", line 728, in exec_module
2020-06-23T03:27:25.303927+00:00 app[web.1]: File "<frozen importlib._bootstrap>", line 219, in _call_with_frames_removed
2020-06-23T03:27:25.303928+00:00 app[web.1]: File "/app/app/__init__.py", line 3, in <module>
2020-06-23T03:27:25.303928+00:00 app[web.1]: from .routes.api_routes import  api_routes
2020-06-23T03:27:25.303929+00:00 app[web.1]: File "/app/app/routes/api_routes.py", line 4, in <module>
2020-06-23T03:27:25.303929+00:00 app[web.1]: from ..services.data_model import post_predictions
2020-06-23T03:27:25.303929+00:00 app[web.1]: File "/app/app/services/data_model.py", line 8, in <module>
2020-06-23T03:27:25.303930+00:00 app[web.1]: model = load(path)
2020-06-23T03:27:25.303930+00:00 app[web.1]: File "/app/.heroku/python/lib/python3.7/site-packages/compress_pickle/compress_pickle.py", line 304, in load
2020-06-23T03:27:25.303930+00:00 app[web.1]: **version_dependent_kwargs
2020-06-23T03:27:25.303931+00:00 app[web.1]: ModuleNotFoundError: No module named 'sklearn'
2020-06-23T03:27:25.304111+00:00 app[web.1]: [2020-06-23 03:27:25 +0000] [11] [INFO] Worker exiting (pid: 11)
2020-06-23T03:27:25.353153+00:00 app[web.1]: [2020-06-23 03:27:25 +0000] [12] [ERROR] Exception in worker process
2020-06-23T03:27:25.353155+00:00 app[web.1]: Traceback (most recent call last):
2020-06-23T03:27:25.353155+00:00 app[web.1]: File "/app/.heroku/python/lib/python3.7/site-packages/gunicorn/arbiter.py", line 583, in spawn_worker
2020-06-23T03:27:25.353156+00:00 app[web.1]: worker.init_process()
2020-06-23T03:27:25.353156+00:00 app[web.1]: File "/app/.heroku/python/lib/python3.7/site-packages/uvicorn/workers.py", line 61, in init_process
2020-06-23T03:27:25.353157+00:00 app[web.1]: super(UvicornWorker, self).init_process()
2020-06-23T03:27:25.353157+00:00 app[web.1]: File "/app/.heroku/python/lib/python3.7/site-packages/gunicorn/workers/base.py", line 119, in init_process
2020-06-23T03:27:25.353157+00:00 app[web.1]: self.load_wsgi()
2020-06-23T03:27:25.353158+00:00 app[web.1]: File "/app/.heroku/python/lib/python3.7/site-packages/gunicorn/workers/base.py", line 144, in load_wsgi
2020-06-23T03:27:25.353158+00:00 app[web.1]: self.wsgi = self.app.wsgi()
2020-06-23T03:27:25.353159+00:00 app[web.1]: File "/app/.heroku/python/lib/python3.7/site-packages/gunicorn/app/base.py", line 67, in wsgi
2020-06-23T03:27:25.353159+00:00 app[web.1]: self.callable = self.load()
2020-06-23T03:27:25.353159+00:00 app[web.1]: File "/app/.heroku/python/lib/python3.7/site-packages/gunicorn/app/wsgiapp.py", line 49, in load
2020-06-23T03:27:25.353160+00:00 app[web.1]: return self.load_wsgiapp()
2020-06-23T03:27:25.353162+00:00 app[web.1]: File "/app/.heroku/python/lib/python3.7/site-packages/gunicorn/app/wsgiapp.py", line 39, in load_wsgiapp
2020-06-23T03:27:25.353162+00:00 app[web.1]: return util.import_app(self.app_uri)
2020-06-23T03:27:25.353163+00:00 app[web.1]: File "/app/.heroku/python/lib/python3.7/site-packages/gunicorn/util.py", line 358, in import_app
2020-06-23T03:27:25.353164+00:00 app[web.1]: mod = importlib.import_module(module)
2020-06-23T03:27:25.353164+00:00 app[web.1]: File "/app/.heroku/python/lib/python3.7/importlib/__init__.py", line 127, in import_module
2020-06-23T03:27:25.353165+00:00 app[web.1]: return _bootstrap._gcd_import(name[level:], package, level)
2020-06-23T03:27:25.353165+00:00 app[web.1]: File "<frozen importlib._bootstrap>", line 1006, in _gcd_import
2020-06-23T03:27:25.353166+00:00 app[web.1]: File "<frozen importlib._bootstrap>", line 983, in _find_and_load
2020-06-23T03:27:25.353166+00:00 app[web.1]: File "<frozen importlib._bootstrap>", line 967, in _find_and_load_unlocked
2020-06-23T03:27:25.353166+00:00 app[web.1]: File "<frozen importlib._bootstrap>", line 677, in _load_unlocked
2020-06-23T03:27:25.353167+00:00 app[web.1]: File "<frozen importlib._bootstrap_external>", line 728, in exec_module
2020-06-23T03:27:25.353167+00:00 app[web.1]: File "<frozen importlib._bootstrap>", line 219, in _call_with_frames_removed
2020-06-23T03:27:25.353168+00:00 app[web.1]: File "/app/app/__init__.py", line 3, in <module>
2020-06-23T03:27:25.353168+00:00 app[web.1]: from .routes.api_routes import  api_routes
2020-06-23T03:27:25.353168+00:00 app[web.1]: File "/app/app/routes/api_routes.py", line 4, in <module>
2020-06-23T03:27:25.353169+00:00 app[web.1]: from ..services.data_model import post_predictions
2020-06-23T03:27:25.353169+00:00 app[web.1]: File "/app/app/services/data_model.py", line 8, in <module>
2020-06-23T03:27:25.353170+00:00 app[web.1]: model = load(path)
2020-06-23T03:27:25.353170+00:00 app[web.1]: File "/app/.heroku/python/lib/python3.7/site-packages/compress_pickle/compress_pickle.py", line 304, in load
2020-06-23T03:27:25.353170+00:00 app[web.1]: **version_dependent_kwargs
2020-06-23T03:27:25.353171+00:00 app[web.1]: ModuleNotFoundError: No module named 'sklearn'
2020-06-23T03:27:25.353417+00:00 app[web.1]: [2020-06-23 03:27:25 +0000] [12] [INFO] Worker exiting (pid: 12)
2020-06-23T03:27:25.455268+00:00 app[web.1]: [2020-06-23 03:27:25 +0000] [13] [ERROR] Exception in worker process
2020-06-23T03:27:25.455270+00:00 app[web.1]: Traceback (most recent call last):
2020-06-23T03:27:25.455271+00:00 app[web.1]: File "/app/.heroku/python/lib/python3.7/site-packages/gunicorn/arbiter.py", line 583, in spawn_worker
2020-06-23T03:27:25.455271+00:00 app[web.1]: worker.init_process()
2020-06-23T03:27:25.455272+00:00 app[web.1]: File "/app/.heroku/python/lib/python3.7/site-packages/uvicorn/workers.py", line 61, in init_process
2020-06-23T03:27:25.455274+00:00 app[web.1]: super(UvicornWorker, self).init_process()
2020-06-23T03:27:25.455274+00:00 app[web.1]: File "/app/.heroku/python/lib/python3.7/site-packages/gunicorn/workers/base.py", line 119, in init_process
2020-06-23T03:27:25.455275+00:00 app[web.1]: self.load_wsgi()
2020-06-23T03:27:25.455275+00:00 app[web.1]: File "/app/.heroku/python/lib/python3.7/site-packages/gunicorn/workers/base.py", line 144, in load_wsgi
2020-06-23T03:27:25.455276+00:00 app[web.1]: self.wsgi = self.app.wsgi()
2020-06-23T03:27:25.455277+00:00 app[web.1]: File "/app/.heroku/python/lib/python3.7/site-packages/gunicorn/app/base.py", line 67, in wsgi
2020-06-23T03:27:25.455277+00:00 app[web.1]: self.callable = self.load()
2020-06-23T03:27:25.455277+00:00 app[web.1]: File "/app/.heroku/python/lib/python3.7/site-packages/gunicorn/app/wsgiapp.py", line 49, in load
2020-06-23T03:27:25.455278+00:00 app[web.1]: return self.load_wsgiapp()
2020-06-23T03:27:25.455278+00:00 app[web.1]: File "/app/.heroku/python/lib/python3.7/site-packages/gunicorn/app/wsgiapp.py", line 39, in load_wsgiapp
2020-06-23T03:27:25.455279+00:00 app[web.1]: return util.import_app(self.app_uri)
2020-06-23T03:27:25.455279+00:00 app[web.1]: File "/app/.heroku/python/lib/python3.7/site-packages/gunicorn/util.py", line 358, in import_app
2020-06-23T03:27:25.455279+00:00 app[web.1]: mod = importlib.import_module(module)
2020-06-23T03:27:25.455280+00:00 app[web.1]: File "/app/.heroku/python/lib/python3.7/importlib/__init__.py", line 127, in import_module
2020-06-23T03:27:25.455281+00:00 app[web.1]: return _bootstrap._gcd_import(name[level:], package, level)
2020-06-23T03:27:25.455281+00:00 app[web.1]: File "<frozen importlib._bootstrap>", line 1006, in _gcd_import
2020-06-23T03:27:25.455281+00:00 app[web.1]: File "<frozen importlib._bootstrap>", line 983, in _find_and_load
2020-06-23T03:27:25.455282+00:00 app[web.1]: File "<frozen importlib._bootstrap>", line 967, in _find_and_load_unlocked
2020-06-23T03:27:25.455282+00:00 app[web.1]: File "<frozen importlib._bootstrap>", line 677, in _load_unlocked
2020-06-23T03:27:25.455282+00:00 app[web.1]: File "<frozen importlib._bootstrap_external>", line 728, in exec_module
2020-06-23T03:27:25.455283+00:00 app[web.1]: File "<frozen importlib._bootstrap>", line 219, in _call_with_frames_removed
2020-06-23T03:27:25.455283+00:00 app[web.1]: File "/app/app/__init__.py", line 3, in <module>
2020-06-23T03:27:25.455284+00:00 app[web.1]: from .routes.api_routes import  api_routes
2020-06-23T03:27:25.455284+00:00 app[web.1]: File "/app/app/routes/api_routes.py", line 4, in <module>
2020-06-23T03:27:25.455285+00:00 app[web.1]: from ..services.data_model import post_predictions
2020-06-23T03:27:25.455285+00:00 app[web.1]: File "/app/app/services/data_model.py", line 8, in <module>
2020-06-23T03:27:25.455285+00:00 app[web.1]: model = load(path)
2020-06-23T03:27:25.455286+00:00 app[web.1]: File "/app/.heroku/python/lib/python3.7/site-packages/compress_pickle/compress_pickle.py", line 304, in load
2020-06-23T03:27:25.455286+00:00 app[web.1]: **version_dependent_kwargs
2020-06-23T03:27:25.455286+00:00 app[web.1]: ModuleNotFoundError: No module named 'sklearn'
2020-06-23T03:27:25.455436+00:00 app[web.1]: [2020-06-23 03:27:25 +0000] [13] [INFO] Worker exiting (pid: 13)
2020-06-23T03:27:25.526564+00:00 app[web.1]: Traceback (most recent call last):
2020-06-23T03:27:25.526578+00:00 app[web.1]: File "/app/.heroku/python/lib/python3.7/site-packages/gunicorn/arbiter.py", line 209, in run
2020-06-23T03:27:25.526911+00:00 app[web.1]: self.sleep()
2020-06-23T03:27:25.526928+00:00 app[web.1]: File "/app/.heroku/python/lib/python3.7/site-packages/gunicorn/arbiter.py", line 357, in sleep
2020-06-23T03:27:25.527142+00:00 app[web.1]: ready = select.select([self.PIPE[0]], [], [], 1.0)
2020-06-23T03:27:25.527154+00:00 app[web.1]: File "/app/.heroku/python/lib/python3.7/site-packages/gunicorn/arbiter.py", line 242, in handle_chld
2020-06-23T03:27:25.527298+00:00 app[web.1]: self.reap_workers()
2020-06-23T03:27:25.527314+00:00 app[web.1]: File "/app/.heroku/python/lib/python3.7/site-packages/gunicorn/arbiter.py", line 525, in reap_workers
2020-06-23T03:27:25.527523+00:00 app[web.1]: raise HaltServer(reason, self.WORKER_BOOT_ERROR)
2020-06-23T03:27:25.527585+00:00 app[web.1]: gunicorn.errors.HaltServer: <HaltServer 'Worker failed to boot.' 3>
2020-06-23T03:27:25.527587+00:00 app[web.1]: 
2020-06-23T03:27:25.527587+00:00 app[web.1]: During handling of the above exception, another exception occurred:
2020-06-23T03:27:25.527587+00:00 app[web.1]: 
2020-06-23T03:27:25.527603+00:00 app[web.1]: Traceback (most recent call last):
2020-06-23T03:27:25.527604+00:00 app[web.1]: File "/app/.heroku/python/bin/gunicorn", line 11, in <module>
2020-06-23T03:27:25.527704+00:00 app[web.1]: sys.exit(run())
2020-06-23T03:27:25.527721+00:00 app[web.1]: File "/app/.heroku/python/lib/python3.7/site-packages/gunicorn/app/wsgiapp.py", line 58, in run
2020-06-23T03:27:25.527827+00:00 app[web.1]: WSGIApplication("%(prog)s [OPTIONS] [APP_MODULE]").run()
2020-06-23T03:27:25.527843+00:00 app[web.1]: File "/app/.heroku/python/lib/python3.7/site-packages/gunicorn/app/base.py", line 228, in run
2020-06-23T03:27:25.527989+00:00 app[web.1]: super().run()
2020-06-23T03:27:25.528005+00:00 app[web.1]: File "/app/.heroku/python/lib/python3.7/site-packages/gunicorn/app/base.py", line 72, in run
2020-06-23T03:27:25.528185+00:00 app[web.1]: Arbiter(self).run()
2020-06-23T03:27:25.528188+00:00 app[web.1]: File "/app/.heroku/python/lib/python3.7/site-packages/gunicorn/arbiter.py", line 229, in run
2020-06-23T03:27:25.528535+00:00 app[web.1]: self.halt(reason=inst.reason, exit_status=inst.exit_status)
2020-06-23T03:27:25.528538+00:00 app[web.1]: File "/app/.heroku/python/lib/python3.7/site-packages/gunicorn/arbiter.py", line 342, in halt
2020-06-23T03:27:25.529204+00:00 app[web.1]: self.stop()
2020-06-23T03:27:25.529205+00:00 app[web.1]: File "/app/.heroku/python/lib/python3.7/site-packages/gunicorn/arbiter.py", line 393, in stop
2020-06-23T03:27:25.529899+00:00 app[web.1]: time.sleep(0.1)
2020-06-23T03:27:25.529899+00:00 app[web.1]: File "/app/.heroku/python/lib/python3.7/site-packages/gunicorn/arbiter.py", line 242, in handle_chld
2020-06-23T03:27:25.530437+00:00 app[web.1]: self.reap_workers()
2020-06-23T03:27:25.530438+00:00 app[web.1]: File "/app/.heroku/python/lib/python3.7/site-packages/gunicorn/arbiter.py", line 525, in reap_workers
2020-06-23T03:27:25.531023+00:00 app[web.1]: raise HaltServer(reason, self.WORKER_BOOT_ERROR)
2020-06-23T03:27:25.531063+00:00 app[web.1]: gunicorn.errors.HaltServer: <HaltServer 'Worker failed to boot.' 3>
2020-06-23T03:27:25.637262+00:00 heroku[web.1]: Process exited with status 1
2020-06-23T03:27:25.677947+00:00 heroku[web.1]: State changed from up to crashed
